<?xml version="1.0" encoding="UTF-8"?>
<!-- Generated by org.testng.reporters.JUnitXMLReporter -->
<testsuite ignored="0" hostname="ts-Latitude-3340" failures="0" tests="19" name="Default test" time="0.303" errors="0" timestamp="2023-05-18T18:58:14 IST">
  <testcase classname="com.jarvis.testutility.BaseTest1" name="@BeforeSuite InitializeBrowser" time="3.165">
    <failure type="org.openqa.selenium.SessionNotCreatedException" message="Could not start a new session. Response code 500. Message: session not created: This version of ChromeDriver only supports Chrome version 108
Current browser version is 113.0.5672.126 with binary path /usr/bin/google-chrome 
Host info: host: &amp;apos;ts-Latitude-3340&amp;apos;, ip: &amp;apos;127.0.1.1&amp;apos;
Build info: version: &amp;apos;4.9.1&amp;apos;, revision: &amp;apos;eb2032df7f&amp;apos;
System info: os.name: &amp;apos;Linux&amp;apos;, os.arch: &amp;apos;amd64&amp;apos;, os.version: &amp;apos;5.15.0-56-generic&amp;apos;, java.version: &amp;apos;17.0.5&amp;apos;
Driver info: org.openqa.selenium.chrome.ChromeDriver
Command: [null, newSession {capabilities=[Capabilities {browserName: chrome, goog:chromeOptions: {args: [----disable-notifications, --remote-allow-origins=*], extensions: []}}]}]">
      <![CDATA[org.openqa.selenium.SessionNotCreatedException: Could not start a new session. Response code 500. Message: session not created: This version of ChromeDriver only supports Chrome version 108
Current browser version is 113.0.5672.126 with binary path /usr/bin/google-chrome 
Host info: host: 'ts-Latitude-3340', ip: '127.0.1.1'
Build info: version: '4.9.1', revision: 'eb2032df7f'
System info: os.name: 'Linux', os.arch: 'amd64', os.version: '5.15.0-56-generic', java.version: '17.0.5'
Driver info: org.openqa.selenium.chrome.ChromeDriver
Command: [null, newSession {capabilities=[Capabilities {browserName: chrome, goog:chromeOptions: {args: [----disable-notifications, --remote-allow-origins=*], extensions: []}}]}]
at org.openqa.selenium.remote.ProtocolHandshake.createSession(ProtocolHandshake.java:136)
at org.openqa.selenium.remote.ProtocolHandshake.createSession(ProtocolHandshake.java:94)
at org.openqa.selenium.remote.ProtocolHandshake.createSession(ProtocolHandshake.java:68)
at org.openqa.selenium.remote.HttpCommandExecutor.execute(HttpCommandExecutor.java:165)
at org.openqa.selenium.remote.service.DriverCommandExecutor.invokeExecute(DriverCommandExecutor.java:183)
at org.openqa.selenium.remote.service.DriverCommandExecutor.execute(DriverCommandExecutor.java:158)
at org.openqa.selenium.remote.RemoteWebDriver.execute(RemoteWebDriver.java:543)
at org.openqa.selenium.remote.RemoteWebDriver.startSession(RemoteWebDriver.java:229)
at org.openqa.selenium.remote.RemoteWebDriver.<init>(RemoteWebDriver.java:157)
at org.openqa.selenium.chromium.ChromiumDriver.<init>(ChromiumDriver.java:101)
at org.openqa.selenium.chrome.ChromeDriver.<init>(ChromeDriver.java:88)
at org.openqa.selenium.chrome.ChromeDriver.<init>(ChromeDriver.java:84)
at org.openqa.selenium.chrome.ChromeDriver.<init>(ChromeDriver.java:73)
at com.Jarvis.Library.BaseClass.setUpBrowser(BaseClass.java:51)
at com.jarvis.testutility.BaseTest1.InitializeBrowser(BaseTest1.java:32)
at java.base/jdk.internal.reflect.NativeMethodAccessorImpl.invoke0(Native Method)
at java.base/jdk.internal.reflect.NativeMethodAccessorImpl.invoke(NativeMethodAccessorImpl.java:77)
at java.base/jdk.internal.reflect.DelegatingMethodAccessorImpl.invoke(DelegatingMethodAccessorImpl.java:43)
at java.base/java.lang.reflect.Method.invoke(Method.java:568)
at org.testng.internal.MethodInvocationHelper.invokeMethod(MethodInvocationHelper.java:133)
at org.testng.internal.MethodInvocationHelper.invokeMethodConsideringTimeout(MethodInvocationHelper.java:62)
at org.testng.internal.ConfigInvoker.invokeConfigurationMethod(ConfigInvoker.java:385)
at org.testng.internal.ConfigInvoker.invokeConfigurations(ConfigInvoker.java:321)
at org.testng.SuiteRunner.privateRun(SuiteRunner.java:317)
at org.testng.SuiteRunner.run(SuiteRunner.java:276)
at org.testng.SuiteRunnerWorker.runSuite(SuiteRunnerWorker.java:53)
at org.testng.SuiteRunnerWorker.run(SuiteRunnerWorker.java:96)
at org.testng.TestNG.runSuitesSequentially(TestNG.java:1212)
at org.testng.TestNG.runSuitesLocally(TestNG.java:1134)
at org.testng.TestNG.runSuites(TestNG.java:1063)
at org.testng.TestNG.run(TestNG.java:1031)
at org.testng.remote.AbstractRemoteTestNG.run(AbstractRemoteTestNG.java:115)
at org.testng.remote.RemoteTestNG.initAndRun(RemoteTestNG.java:251)
at org.testng.remote.RemoteTestNG.main(RemoteTestNG.java:77)
]]>
    </failure>
  </testcase> <!-- @BeforeSuite InitializeBrowser -->
  <testcase classname="com.jarvis.testutility.BaseTest1" name="@BeforeTest beforeTest" time="-1.68441649443E9">
    <skipped/>
  </testcase> <!-- @BeforeTest beforeTest -->
  <testcase classname="com.jarvis.testutility.BaseTest1" name="@BeforeClass pageobjects" time="-1.684416494466E9">
    <skipped/>
  </testcase> <!-- @BeforeClass pageobjects -->
  <testcase classname="com.jarvis.testutility.BaseTest1" name="@BeforeMethod createExtentTest" time="-1.684416494484E9">
    <skipped/>
  </testcase> <!-- @BeforeMethod createExtentTest -->
  <testcase classname="com.jarvis.testutility.BaseTest1" name="@AfterMethod captureScreenshot" time="-1.684416494498E9">
    <skipped/>
  </testcase> <!-- @AfterMethod captureScreenshot -->
  <testcase classname="com.jarvis.testutility.BaseTest1" name="@BeforeMethod createExtentTest" time="-1.684416494509E9">
    <skipped/>
  </testcase> <!-- @BeforeMethod createExtentTest -->
  <testcase classname="com.jarvis.testutility.BaseTest1" name="@AfterMethod captureScreenshot" time="-1.684416494517E9">
    <skipped/>
  </testcase> <!-- @AfterMethod captureScreenshot -->
  <testcase classname="com.jarvis.testutility.BaseTest1" name="@BeforeMethod createExtentTest" time="-1.68441649452E9">
    <skipped/>
  </testcase> <!-- @BeforeMethod createExtentTest -->
  <testcase classname="com.jarvis.testutility.BaseTest1" name="@AfterMethod captureScreenshot" time="-1.684416494527E9">
    <skipped/>
  </testcase> <!-- @AfterMethod captureScreenshot -->
  <testcase classname="com.jarvis.testutility.BaseTest1" name="@BeforeMethod createExtentTest" time="-1.68441649453E9">
    <skipped/>
  </testcase> <!-- @BeforeMethod createExtentTest -->
  <testcase classname="com.jarvis.testutility.BaseTest1" name="@AfterMethod captureScreenshot" time="-1.684416494542E9">
    <skipped/>
  </testcase> <!-- @AfterMethod captureScreenshot -->
  <testcase classname="com.jarvis.testutility.BaseTest1" name="@BeforeMethod createExtentTest" time="-1.684416494544E9">
    <skipped/>
  </testcase> <!-- @BeforeMethod createExtentTest -->
  <testcase classname="com.jarvis.testutility.BaseTest1" name="@AfterMethod captureScreenshot" time="-1.684416494551E9">
    <skipped/>
  </testcase> <!-- @AfterMethod captureScreenshot -->
  <testcase classname="com.jarvis.testutility.BaseTest1" name="@BeforeMethod createExtentTest" time="-1.684416494554E9">
    <skipped/>
  </testcase> <!-- @BeforeMethod createExtentTest -->
  <testcase classname="com.jarvis.testutility.BaseTest1" name="@AfterMethod captureScreenshot" time="-1.684416494562E9">
    <skipped/>
  </testcase> <!-- @AfterMethod captureScreenshot -->
  <testcase classname="com.jarvis.testutility.BaseTest1" name="@BeforeMethod createExtentTest" time="-1.684416494566E9">
    <skipped/>
  </testcase> <!-- @BeforeMethod createExtentTest -->
  <testcase classname="com.jarvis.testutility.BaseTest1" name="@AfterMethod captureScreenshot" time="-1.684416494574E9">
    <skipped/>
  </testcase> <!-- @AfterMethod captureScreenshot -->
  <testcase classname="com.jarvis.testutility.BaseTest1" name="@BeforeMethod createExtentTest" time="-1.684416494577E9">
    <skipped/>
  </testcase> <!-- @BeforeMethod createExtentTest -->
  <testcase classname="com.jarvis.testutility.BaseTest1" name="@AfterMethod captureScreenshot" time="-1.684416494603E9">
    <skipped/>
  </testcase> <!-- @AfterMethod captureScreenshot -->
  <testcase classname="com.jarvis.testutility.BaseTest1" name="@BeforeMethod createExtentTest" time="-1.684416494606E9">
    <skipped/>
  </testcase> <!-- @BeforeMethod createExtentTest -->
  <testcase classname="com.jarvis.testutility.BaseTest1" name="@AfterMethod captureScreenshot" time="-1.684416494615E9">
    <skipped/>
  </testcase> <!-- @AfterMethod captureScreenshot -->
  <testcase classname="com.jarvis.testutility.BaseTest1" name="@BeforeMethod createExtentTest" time="-1.684416494619E9">
    <skipped/>
  </testcase> <!-- @BeforeMethod createExtentTest -->
  <testcase classname="com.jarvis.testutility.BaseTest1" name="@AfterMethod captureScreenshot" time="-1.684416494626E9">
    <skipped/>
  </testcase> <!-- @AfterMethod captureScreenshot -->
  <testcase classname="com.jarvis.testutility.BaseTest1" name="@BeforeMethod createExtentTest" time="-1.684416494629E9">
    <skipped/>
  </testcase> <!-- @BeforeMethod createExtentTest -->
  <testcase classname="com.jarvis.testutility.BaseTest1" name="@AfterMethod captureScreenshot" time="-1.684416494651E9">
    <skipped/>
  </testcase> <!-- @AfterMethod captureScreenshot -->
  <testcase classname="com.jarvis.testutility.BaseTest1" name="@BeforeMethod createExtentTest" time="-1.684416494654E9">
    <skipped/>
  </testcase> <!-- @BeforeMethod createExtentTest -->
  <testcase classname="com.jarvis.testutility.BaseTest1" name="@AfterMethod captureScreenshot" time="-1.684416494665E9">
    <skipped/>
  </testcase> <!-- @AfterMethod captureScreenshot -->
  <testcase classname="com.jarvis.testutility.BaseTest1" name="@BeforeMethod createExtentTest" time="-1.684416494668E9">
    <skipped/>
  </testcase> <!-- @BeforeMethod createExtentTest -->
  <testcase classname="com.jarvis.testutility.BaseTest1" name="@AfterMethod captureScreenshot" time="-1.684416494674E9">
    <skipped/>
  </testcase> <!-- @AfterMethod captureScreenshot -->
  <testcase classname="com.jarvis.testutility.BaseTest1" name="@BeforeMethod createExtentTest" time="-1.684416494677E9">
    <skipped/>
  </testcase> <!-- @BeforeMethod createExtentTest -->
  <testcase classname="com.jarvis.testutility.BaseTest1" name="@AfterMethod captureScreenshot" time="-1.684416494683E9">
    <skipped/>
  </testcase> <!-- @AfterMethod captureScreenshot -->
  <testcase classname="com.jarvis.testutility.BaseTest1" name="@BeforeMethod createExtentTest" time="-1.684416494685E9">
    <skipped/>
  </testcase> <!-- @BeforeMethod createExtentTest -->
  <testcase classname="com.jarvis.testutility.BaseTest1" name="@AfterMethod captureScreenshot" time="-1.684416494692E9">
    <skipped/>
  </testcase> <!-- @AfterMethod captureScreenshot -->
  <testcase classname="com.jarvis.testutility.BaseTest1" name="@BeforeMethod createExtentTest" time="-1.684416494694E9">
    <skipped/>
  </testcase> <!-- @BeforeMethod createExtentTest -->
  <testcase classname="com.jarvis.testutility.BaseTest1" name="@AfterMethod captureScreenshot" time="-1.684416494701E9">
    <skipped/>
  </testcase> <!-- @AfterMethod captureScreenshot -->
  <testcase classname="com.jarvis.testutility.BaseTest1" name="@BeforeMethod createExtentTest" time="-1.684416494703E9">
    <skipped/>
  </testcase> <!-- @BeforeMethod createExtentTest -->
  <testcase classname="com.jarvis.testutility.BaseTest1" name="@AfterMethod captureScreenshot" time="-1.684416494708E9">
    <skipped/>
  </testcase> <!-- @AfterMethod captureScreenshot -->
  <testcase classname="com.jarvis.testutility.BaseTest1" name="@BeforeMethod createExtentTest" time="-1.684416494711E9">
    <skipped/>
  </testcase> <!-- @BeforeMethod createExtentTest -->
  <testcase classname="com.jarvis.testutility.BaseTest1" name="@AfterMethod captureScreenshot" time="-1.684416494717E9">
    <skipped/>
  </testcase> <!-- @AfterMethod captureScreenshot -->
  <testcase classname="com.jarvis.testutility.BaseTest1" name="@BeforeMethod createExtentTest" time="-1.684416494719E9">
    <skipped/>
  </testcase> <!-- @BeforeMethod createExtentTest -->
  <testcase classname="com.jarvis.testutility.BaseTest1" name="@AfterMethod captureScreenshot" time="-1.684416494726E9">
    <skipped/>
  </testcase> <!-- @AfterMethod captureScreenshot -->
  <testcase classname="com.jarvis.testutility.BaseTest1" name="@AfterTest afterTest" time="-1.684416494729E9">
    <skipped/>
  </testcase> <!-- @AfterTest afterTest -->
  <testcase classname="com.logintest.Testclass1" name="ClickonLoginwithPassword" time="0.0">
    <skipped/>
  </testcase> <!-- ClickonLoginwithPassword -->
  <testcase classname="com.logintest.Testclass1" name="VerifyLoginFnctionality" time="0.0">
    <skipped/>
  </testcase> <!-- VerifyLoginFnctionality -->
  <testcase classname="com.logintest.Testclass1" name="ClickOnInvestNowButton" time="0.0">
    <skipped/>
  </testcase> <!-- ClickOnInvestNowButton -->
  <testcase classname="com.logintest.Testclass1" name="ClickOnStartNowButton" time="0.0">
    <skipped/>
  </testcase> <!-- ClickOnStartNowButton -->
  <testcase classname="com.logintest.Testclass1" name="AttemptQuestionnaries" time="0.0">
    <skipped/>
  </testcase> <!-- AttemptQuestionnaries -->
  <testcase classname="com.logintest.Testclass1" name="ClickOnSubmitMyResponcesButton" time="0.0">
    <skipped/>
  </testcase> <!-- ClickOnSubmitMyResponcesButton -->
  <testcase classname="com.logintest.Testclass1" name="ConfirmResponces" time="0.0">
    <skipped/>
  </testcase> <!-- ConfirmResponces -->
  <testcase classname="com.logintest.Testclass1" name="SelectCheckbox" time="0.0">
    <skipped/>
  </testcase> <!-- SelectCheckbox -->
  <testcase classname="com.logintest.Testclass1" name="ConfirmRiskProfile" time="0.0">
    <skipped/>
  </testcase> <!-- ConfirmRiskProfile -->
  <testcase classname="com.logintest.Testclass1" name="SelectTenure1" time="0.0">
    <skipped/>
  </testcase> <!-- SelectTenure1 -->
  <testcase classname="com.logintest.Testclass1" name="SelectStrategy" time="0.0">
    <skipped/>
  </testcase> <!-- SelectStrategy -->
  <testcase classname="com.logintest.Testclass1" name="ClickOnSubmitMyStrategy" time="0.0">
    <skipped/>
  </testcase> <!-- ClickOnSubmitMyStrategy -->
  <testcase classname="com.logintest.Testclass1" name="SelectAmount" time="0.0">
    <skipped/>
  </testcase> <!-- SelectAmount -->
  <testcase classname="com.logintest.Testclass1" name="SelectPlan" time="0.0">
    <skipped/>
  </testcase> <!-- SelectPlan -->
  <testcase classname="com.logintest.Testclass1" name="CLickOnContinueButton" time="0.0">
    <skipped/>
  </testcase> <!-- CLickOnContinueButton -->
  <testcase classname="com.logintest.Testclass1" name="ConfirmInvestmentPreference" time="0.0">
    <skipped/>
  </testcase> <!-- ConfirmInvestmentPreference -->
  <testcase classname="com.logintest.Testclass1" name="UnlockPortfolioButton" time="0.0">
    <skipped/>
  </testcase> <!-- UnlockPortfolioButton -->
  <testcase classname="com.logintest.Testclass1" name="ClickOnPayNowButton" time="0.0">
    <skipped/>
  </testcase> <!-- ClickOnPayNowButton -->
  <testcase classname="com.logintest.Testclass1" name="ClickOnIAgreeButton" time="0.0">
    <skipped/>
  </testcase> <!-- ClickOnIAgreeButton -->
</testsuite> <!-- Default test -->
