<?xml version="1.0" encoding="UTF-8"?>
<testng-results ignored="0" total="27" passed="16" failed="11" skipped="0">
  <reporter-output>
  </reporter-output>
  <suite started-at="2023-09-07T17:45:52 IST" name="Suite" finished-at="2023-09-07T17:48:22 IST" duration-ms="150239">
    <groups>
    </groups>
    <test started-at="2023-09-07T17:45:52 IST" name="Test" finished-at="2023-09-07T17:48:22 IST" duration-ms="150239">
      <class name="com.logintest.Testclass1">
        <test-method is-config="true" signature="InitializeBrowser()[pri:0, instance:com.logintest.Testclass1@2b30a42c]" started-at="2023-09-07T17:45:45 IST" name="InitializeBrowser" finished-at="2023-09-07T17:45:52 IST" duration-ms="7488" status="PASS">
          <reporter-output>
          </reporter-output>
        </test-method> <!-- InitializeBrowser -->
        <test-method is-config="true" signature="beforeTest()[pri:0, instance:com.logintest.Testclass1@2b30a42c]" started-at="2023-09-07T17:45:52 IST" name="beforeTest" finished-at="2023-09-07T17:45:53 IST" duration-ms="545" status="PASS">
          <reporter-output>
          </reporter-output>
        </test-method> <!-- beforeTest -->
        <test-method is-config="true" signature="pageobjects()[pri:0, instance:com.logintest.Testclass1@2b30a42c]" started-at="2023-09-07T17:45:53 IST" name="pageobjects" finished-at="2023-09-07T17:45:53 IST" duration-ms="85" status="PASS">
          <reporter-output>
          </reporter-output>
        </test-method> <!-- pageobjects -->
        <test-method is-config="true" signature="createExtentTest(org.testng.ITestResult,java.lang.reflect.Method)[pri:0, instance:com.logintest.Testclass1@2b30a42c]" started-at="2023-09-07T17:45:53 IST" name="createExtentTest" finished-at="2023-09-07T17:45:53 IST" duration-ms="26" status="PASS">
          <params>
            <param index="0">
              <value>
                <![CDATA[[TestResult name={null} status=CREATED method=Testclass1.ClickonLoginwithPassword()[pri:1, instance:com.logintest.Testclass1@2b30a42c] output={null}]]]>
              </value>
            </param>
            <param index="1">
              <value>
                <![CDATA[public void com.logintest.Testclass1.ClickonLoginwithPassword() throws java.lang.InterruptedException]]>
              </value>
            </param>
          </params>
          <reporter-output>
          </reporter-output>
        </test-method> <!-- createExtentTest -->
        <test-method signature="ClickonLoginwithPassword()[pri:1, instance:com.logintest.Testclass1@2b30a42c]" started-at="2023-09-07T17:45:53 IST" name="ClickonLoginwithPassword" finished-at="2023-09-07T17:45:53 IST" duration-ms="205" status="PASS">
          <reporter-output>
          </reporter-output>
        </test-method> <!-- ClickonLoginwithPassword -->
        <test-method is-config="true" signature="captureScreenshot(org.testng.ITestResult,java.lang.reflect.Method)[pri:0, instance:com.logintest.Testclass1@2b30a42c]" started-at="2023-09-07T17:45:53 IST" name="captureScreenshot" finished-at="2023-09-07T17:45:53 IST" duration-ms="9" status="PASS">
          <params>
            <param index="0">
              <value>
                <![CDATA[[TestResult name=ClickonLoginwithPassword status=SUCCESS method=Testclass1.ClickonLoginwithPassword()[pri:1, instance:com.logintest.Testclass1@2b30a42c] output={null}]]]>
              </value>
            </param>
            <param index="1">
              <value>
                <![CDATA[public void com.logintest.Testclass1.ClickonLoginwithPassword() throws java.lang.InterruptedException]]>
              </value>
            </param>
          </params>
          <reporter-output>
          </reporter-output>
        </test-method> <!-- captureScreenshot -->
        <test-method is-config="true" signature="createExtentTest(org.testng.ITestResult,java.lang.reflect.Method)[pri:0, instance:com.logintest.Testclass1@2b30a42c]" started-at="2023-09-07T17:45:53 IST" name="createExtentTest" finished-at="2023-09-07T17:45:53 IST" duration-ms="1" status="PASS">
          <params>
            <param index="0">
              <value>
                <![CDATA[[TestResult name={null} status=CREATED method=Testclass1.VerifyLoginFnctionality()[pri:2, instance:com.logintest.Testclass1@2b30a42c] output={null}]]]>
              </value>
            </param>
            <param index="1">
              <value>
                <![CDATA[public void com.logintest.Testclass1.VerifyLoginFnctionality() throws java.lang.InterruptedException,java.io.IOException]]>
              </value>
            </param>
          </params>
          <reporter-output>
          </reporter-output>
        </test-method> <!-- createExtentTest -->
        <test-method signature="VerifyLoginFnctionality()[pri:2, instance:com.logintest.Testclass1@2b30a42c]" started-at="2023-09-07T17:45:53 IST" name="VerifyLoginFnctionality" finished-at="2023-09-07T17:45:59 IST" duration-ms="6152" status="PASS">
          <reporter-output>
          </reporter-output>
        </test-method> <!-- VerifyLoginFnctionality -->
        <test-method is-config="true" signature="captureScreenshot(org.testng.ITestResult,java.lang.reflect.Method)[pri:0, instance:com.logintest.Testclass1@2b30a42c]" started-at="2023-09-07T17:45:59 IST" name="captureScreenshot" finished-at="2023-09-07T17:45:59 IST" duration-ms="1" status="PASS">
          <params>
            <param index="0">
              <value>
                <![CDATA[[TestResult name=VerifyLoginFnctionality status=SUCCESS method=Testclass1.VerifyLoginFnctionality()[pri:2, instance:com.logintest.Testclass1@2b30a42c] output={null}]]]>
              </value>
            </param>
            <param index="1">
              <value>
                <![CDATA[public void com.logintest.Testclass1.VerifyLoginFnctionality() throws java.lang.InterruptedException,java.io.IOException]]>
              </value>
            </param>
          </params>
          <reporter-output>
          </reporter-output>
        </test-method> <!-- captureScreenshot -->
        <test-method is-config="true" signature="createExtentTest(org.testng.ITestResult,java.lang.reflect.Method)[pri:0, instance:com.logintest.Testclass1@2b30a42c]" started-at="2023-09-07T17:45:59 IST" name="createExtentTest" finished-at="2023-09-07T17:45:59 IST" duration-ms="1" status="PASS">
          <params>
            <param index="0">
              <value>
                <![CDATA[[TestResult name={null} status=CREATED method=Testclass1.ClickOnInvestNowButton()[pri:3, instance:com.logintest.Testclass1@2b30a42c] output={null}]]]>
              </value>
            </param>
            <param index="1">
              <value>
                <![CDATA[public void com.logintest.Testclass1.ClickOnInvestNowButton()]]>
              </value>
            </param>
          </params>
          <reporter-output>
          </reporter-output>
        </test-method> <!-- createExtentTest -->
        <test-method signature="ClickOnInvestNowButton()[pri:3, instance:com.logintest.Testclass1@2b30a42c]" started-at="2023-09-07T17:45:59 IST" name="ClickOnInvestNowButton" finished-at="2023-09-07T17:46:01 IST" duration-ms="1943" status="PASS">
          <reporter-output>
          </reporter-output>
        </test-method> <!-- ClickOnInvestNowButton -->
        <test-method is-config="true" signature="captureScreenshot(org.testng.ITestResult,java.lang.reflect.Method)[pri:0, instance:com.logintest.Testclass1@2b30a42c]" started-at="2023-09-07T17:46:01 IST" name="captureScreenshot" finished-at="2023-09-07T17:46:01 IST" duration-ms="0" status="PASS">
          <params>
            <param index="0">
              <value>
                <![CDATA[[TestResult name=ClickOnInvestNowButton status=SUCCESS method=Testclass1.ClickOnInvestNowButton()[pri:3, instance:com.logintest.Testclass1@2b30a42c] output={null}]]]>
              </value>
            </param>
            <param index="1">
              <value>
                <![CDATA[public void com.logintest.Testclass1.ClickOnInvestNowButton()]]>
              </value>
            </param>
          </params>
          <reporter-output>
          </reporter-output>
        </test-method> <!-- captureScreenshot -->
        <test-method is-config="true" signature="createExtentTest(org.testng.ITestResult,java.lang.reflect.Method)[pri:0, instance:com.logintest.Testclass1@2b30a42c]" started-at="2023-09-07T17:46:01 IST" name="createExtentTest" finished-at="2023-09-07T17:46:01 IST" duration-ms="1" status="PASS">
          <params>
            <param index="0">
              <value>
                <![CDATA[[TestResult name={null} status=CREATED method=Testclass1.ClickOnStartNowButton()[pri:4, instance:com.logintest.Testclass1@2b30a42c] output={null}]]]>
              </value>
            </param>
            <param index="1">
              <value>
                <![CDATA[public void com.logintest.Testclass1.ClickOnStartNowButton()]]>
              </value>
            </param>
          </params>
          <reporter-output>
          </reporter-output>
        </test-method> <!-- createExtentTest -->
        <test-method signature="ClickOnStartNowButton()[pri:4, instance:com.logintest.Testclass1@2b30a42c]" started-at="2023-09-07T17:46:01 IST" name="ClickOnStartNowButton" finished-at="2023-09-07T17:46:02 IST" duration-ms="1102" status="PASS">
          <reporter-output>
          </reporter-output>
        </test-method> <!-- ClickOnStartNowButton -->
        <test-method is-config="true" signature="captureScreenshot(org.testng.ITestResult,java.lang.reflect.Method)[pri:0, instance:com.logintest.Testclass1@2b30a42c]" started-at="2023-09-07T17:46:02 IST" name="captureScreenshot" finished-at="2023-09-07T17:46:02 IST" duration-ms="2" status="PASS">
          <params>
            <param index="0">
              <value>
                <![CDATA[[TestResult name=ClickOnStartNowButton status=SUCCESS method=Testclass1.ClickOnStartNowButton()[pri:4, instance:com.logintest.Testclass1@2b30a42c] output={null}]]]>
              </value>
            </param>
            <param index="1">
              <value>
                <![CDATA[public void com.logintest.Testclass1.ClickOnStartNowButton()]]>
              </value>
            </param>
          </params>
          <reporter-output>
          </reporter-output>
        </test-method> <!-- captureScreenshot -->
        <test-method is-config="true" signature="createExtentTest(org.testng.ITestResult,java.lang.reflect.Method)[pri:0, instance:com.logintest.Testclass1@2b30a42c]" started-at="2023-09-07T17:46:02 IST" name="createExtentTest" finished-at="2023-09-07T17:46:02 IST" duration-ms="2" status="PASS">
          <params>
            <param index="0">
              <value>
                <![CDATA[[TestResult name={null} status=CREATED method=Testclass1.AttemptQuestionnaries()[pri:5, instance:com.logintest.Testclass1@2b30a42c] output={null}]]]>
              </value>
            </param>
            <param index="1">
              <value>
                <![CDATA[public void com.logintest.Testclass1.AttemptQuestionnaries() throws java.lang.InterruptedException]]>
              </value>
            </param>
          </params>
          <reporter-output>
          </reporter-output>
        </test-method> <!-- createExtentTest -->
        <test-method signature="AttemptQuestionnaries()[pri:5, instance:com.logintest.Testclass1@2b30a42c]" started-at="2023-09-07T17:46:02 IST" name="AttemptQuestionnaries" finished-at="2023-09-07T17:46:15 IST" duration-ms="12202" status="PASS">
          <reporter-output>
          </reporter-output>
        </test-method> <!-- AttemptQuestionnaries -->
        <test-method is-config="true" signature="captureScreenshot(org.testng.ITestResult,java.lang.reflect.Method)[pri:0, instance:com.logintest.Testclass1@2b30a42c]" started-at="2023-09-07T17:46:15 IST" name="captureScreenshot" finished-at="2023-09-07T17:46:15 IST" duration-ms="1" status="PASS">
          <params>
            <param index="0">
              <value>
                <![CDATA[[TestResult name=AttemptQuestionnaries status=SUCCESS method=Testclass1.AttemptQuestionnaries()[pri:5, instance:com.logintest.Testclass1@2b30a42c] output={null}]]]>
              </value>
            </param>
            <param index="1">
              <value>
                <![CDATA[public void com.logintest.Testclass1.AttemptQuestionnaries() throws java.lang.InterruptedException]]>
              </value>
            </param>
          </params>
          <reporter-output>
          </reporter-output>
        </test-method> <!-- captureScreenshot -->
        <test-method is-config="true" signature="createExtentTest(org.testng.ITestResult,java.lang.reflect.Method)[pri:0, instance:com.logintest.Testclass1@2b30a42c]" started-at="2023-09-07T17:46:15 IST" name="createExtentTest" finished-at="2023-09-07T17:46:15 IST" duration-ms="2" status="PASS">
          <params>
            <param index="0">
              <value>
                <![CDATA[[TestResult name={null} status=CREATED method=Testclass1.ClickOnSubmitMyResponcesButton()[pri:6, instance:com.logintest.Testclass1@2b30a42c] output={null}]]]>
              </value>
            </param>
            <param index="1">
              <value>
                <![CDATA[public void com.logintest.Testclass1.ClickOnSubmitMyResponcesButton()]]>
              </value>
            </param>
          </params>
          <reporter-output>
          </reporter-output>
        </test-method> <!-- createExtentTest -->
        <test-method signature="ClickOnSubmitMyResponcesButton()[pri:6, instance:com.logintest.Testclass1@2b30a42c]" started-at="2023-09-07T17:46:15 IST" name="ClickOnSubmitMyResponcesButton" finished-at="2023-09-07T17:46:15 IST" duration-ms="310" status="PASS">
          <reporter-output>
          </reporter-output>
        </test-method> <!-- ClickOnSubmitMyResponcesButton -->
        <test-method is-config="true" signature="captureScreenshot(org.testng.ITestResult,java.lang.reflect.Method)[pri:0, instance:com.logintest.Testclass1@2b30a42c]" started-at="2023-09-07T17:46:15 IST" name="captureScreenshot" finished-at="2023-09-07T17:46:15 IST" duration-ms="1" status="PASS">
          <params>
            <param index="0">
              <value>
                <![CDATA[[TestResult name=ClickOnSubmitMyResponcesButton status=SUCCESS method=Testclass1.ClickOnSubmitMyResponcesButton()[pri:6, instance:com.logintest.Testclass1@2b30a42c] output={null}]]]>
              </value>
            </param>
            <param index="1">
              <value>
                <![CDATA[public void com.logintest.Testclass1.ClickOnSubmitMyResponcesButton()]]>
              </value>
            </param>
          </params>
          <reporter-output>
          </reporter-output>
        </test-method> <!-- captureScreenshot -->
        <test-method is-config="true" signature="createExtentTest(org.testng.ITestResult,java.lang.reflect.Method)[pri:0, instance:com.logintest.Testclass1@2b30a42c]" started-at="2023-09-07T17:46:15 IST" name="createExtentTest" finished-at="2023-09-07T17:46:15 IST" duration-ms="2" status="PASS">
          <params>
            <param index="0">
              <value>
                <![CDATA[[TestResult name={null} status=CREATED method=Testclass1.ConfirmResponces()[pri:7, instance:com.logintest.Testclass1@2b30a42c] output={null}]]]>
              </value>
            </param>
            <param index="1">
              <value>
                <![CDATA[public void com.logintest.Testclass1.ConfirmResponces() throws java.lang.InterruptedException]]>
              </value>
            </param>
          </params>
          <reporter-output>
          </reporter-output>
        </test-method> <!-- createExtentTest -->
        <test-method signature="ConfirmResponces()[pri:7, instance:com.logintest.Testclass1@2b30a42c]" started-at="2023-09-07T17:46:15 IST" name="ConfirmResponces" finished-at="2023-09-07T17:46:17 IST" duration-ms="2162" status="PASS">
          <reporter-output>
          </reporter-output>
        </test-method> <!-- ConfirmResponces -->
        <test-method is-config="true" signature="captureScreenshot(org.testng.ITestResult,java.lang.reflect.Method)[pri:0, instance:com.logintest.Testclass1@2b30a42c]" started-at="2023-09-07T17:46:17 IST" name="captureScreenshot" finished-at="2023-09-07T17:46:17 IST" duration-ms="2" status="PASS">
          <params>
            <param index="0">
              <value>
                <![CDATA[[TestResult name=ConfirmResponces status=SUCCESS method=Testclass1.ConfirmResponces()[pri:7, instance:com.logintest.Testclass1@2b30a42c] output={null}]]]>
              </value>
            </param>
            <param index="1">
              <value>
                <![CDATA[public void com.logintest.Testclass1.ConfirmResponces() throws java.lang.InterruptedException]]>
              </value>
            </param>
          </params>
          <reporter-output>
          </reporter-output>
        </test-method> <!-- captureScreenshot -->
        <test-method is-config="true" signature="createExtentTest(org.testng.ITestResult,java.lang.reflect.Method)[pri:0, instance:com.logintest.Testclass1@2b30a42c]" started-at="2023-09-07T17:46:17 IST" name="createExtentTest" finished-at="2023-09-07T17:46:17 IST" duration-ms="1" status="PASS">
          <params>
            <param index="0">
              <value>
                <![CDATA[[TestResult name={null} status=CREATED method=Testclass1.SelectCheckbox()[pri:8, instance:com.logintest.Testclass1@2b30a42c] output={null}]]]>
              </value>
            </param>
            <param index="1">
              <value>
                <![CDATA[public void com.logintest.Testclass1.SelectCheckbox()]]>
              </value>
            </param>
          </params>
          <reporter-output>
          </reporter-output>
        </test-method> <!-- createExtentTest -->
        <test-method signature="SelectCheckbox()[pri:8, instance:com.logintest.Testclass1@2b30a42c]" started-at="2023-09-07T17:46:17 IST" name="SelectCheckbox" finished-at="2023-09-07T17:46:17 IST" duration-ms="125" status="PASS">
          <reporter-output>
          </reporter-output>
        </test-method> <!-- SelectCheckbox -->
        <test-method is-config="true" signature="captureScreenshot(org.testng.ITestResult,java.lang.reflect.Method)[pri:0, instance:com.logintest.Testclass1@2b30a42c]" started-at="2023-09-07T17:46:17 IST" name="captureScreenshot" finished-at="2023-09-07T17:46:17 IST" duration-ms="0" status="PASS">
          <params>
            <param index="0">
              <value>
                <![CDATA[[TestResult name=SelectCheckbox status=SUCCESS method=Testclass1.SelectCheckbox()[pri:8, instance:com.logintest.Testclass1@2b30a42c] output={null}]]]>
              </value>
            </param>
            <param index="1">
              <value>
                <![CDATA[public void com.logintest.Testclass1.SelectCheckbox()]]>
              </value>
            </param>
          </params>
          <reporter-output>
          </reporter-output>
        </test-method> <!-- captureScreenshot -->
        <test-method is-config="true" signature="createExtentTest(org.testng.ITestResult,java.lang.reflect.Method)[pri:0, instance:com.logintest.Testclass1@2b30a42c]" started-at="2023-09-07T17:46:17 IST" name="createExtentTest" finished-at="2023-09-07T17:46:17 IST" duration-ms="1" status="PASS">
          <params>
            <param index="0">
              <value>
                <![CDATA[[TestResult name={null} status=CREATED method=Testclass1.ConfirmRiskProfile()[pri:9, instance:com.logintest.Testclass1@2b30a42c] output={null}]]]>
              </value>
            </param>
            <param index="1">
              <value>
                <![CDATA[public void com.logintest.Testclass1.ConfirmRiskProfile()]]>
              </value>
            </param>
          </params>
          <reporter-output>
          </reporter-output>
        </test-method> <!-- createExtentTest -->
        <test-method signature="ConfirmRiskProfile()[pri:9, instance:com.logintest.Testclass1@2b30a42c]" started-at="2023-09-07T17:46:17 IST" name="ConfirmRiskProfile" finished-at="2023-09-07T17:46:17 IST" duration-ms="94" status="PASS">
          <reporter-output>
          </reporter-output>
        </test-method> <!-- ConfirmRiskProfile -->
        <test-method is-config="true" signature="captureScreenshot(org.testng.ITestResult,java.lang.reflect.Method)[pri:0, instance:com.logintest.Testclass1@2b30a42c]" started-at="2023-09-07T17:46:17 IST" name="captureScreenshot" finished-at="2023-09-07T17:46:17 IST" duration-ms="1" status="PASS">
          <params>
            <param index="0">
              <value>
                <![CDATA[[TestResult name=ConfirmRiskProfile status=SUCCESS method=Testclass1.ConfirmRiskProfile()[pri:9, instance:com.logintest.Testclass1@2b30a42c] output={null}]]]>
              </value>
            </param>
            <param index="1">
              <value>
                <![CDATA[public void com.logintest.Testclass1.ConfirmRiskProfile()]]>
              </value>
            </param>
          </params>
          <reporter-output>
          </reporter-output>
        </test-method> <!-- captureScreenshot -->
        <test-method is-config="true" signature="createExtentTest(org.testng.ITestResult,java.lang.reflect.Method)[pri:0, instance:com.logintest.Testclass1@2b30a42c]" started-at="2023-09-07T17:46:17 IST" name="createExtentTest" finished-at="2023-09-07T17:46:17 IST" duration-ms="1" status="PASS">
          <params>
            <param index="0">
              <value>
                <![CDATA[[TestResult name={null} status=CREATED method=Testclass1.SelectTenure1()[pri:10, instance:com.logintest.Testclass1@2b30a42c] output={null}]]]>
              </value>
            </param>
            <param index="1">
              <value>
                <![CDATA[public void com.logintest.Testclass1.SelectTenure1() throws java.io.IOException]]>
              </value>
            </param>
          </params>
          <reporter-output>
          </reporter-output>
        </test-method> <!-- createExtentTest -->
        <test-method signature="SelectTenure1()[pri:10, instance:com.logintest.Testclass1@2b30a42c]" started-at="2023-09-07T17:46:17 IST" name="SelectTenure1" finished-at="2023-09-07T17:46:23 IST" duration-ms="6157" status="PASS">
          <reporter-output>
          </reporter-output>
        </test-method> <!-- SelectTenure1 -->
        <test-method is-config="true" signature="captureScreenshot(org.testng.ITestResult,java.lang.reflect.Method)[pri:0, instance:com.logintest.Testclass1@2b30a42c]" started-at="2023-09-07T17:46:23 IST" name="captureScreenshot" finished-at="2023-09-07T17:46:23 IST" duration-ms="3" status="PASS">
          <params>
            <param index="0">
              <value>
                <![CDATA[[TestResult name=SelectTenure1 status=SUCCESS method=Testclass1.SelectTenure1()[pri:10, instance:com.logintest.Testclass1@2b30a42c] output={null}]]]>
              </value>
            </param>
            <param index="1">
              <value>
                <![CDATA[public void com.logintest.Testclass1.SelectTenure1() throws java.io.IOException]]>
              </value>
            </param>
          </params>
          <reporter-output>
          </reporter-output>
        </test-method> <!-- captureScreenshot -->
        <test-method is-config="true" signature="createExtentTest(org.testng.ITestResult,java.lang.reflect.Method)[pri:0, instance:com.logintest.Testclass1@2b30a42c]" started-at="2023-09-07T17:46:23 IST" name="createExtentTest" finished-at="2023-09-07T17:46:23 IST" duration-ms="1" status="PASS">
          <params>
            <param index="0">
              <value>
                <![CDATA[[TestResult name={null} status=CREATED method=Testclass1.SelectStrategy()[pri:11, instance:com.logintest.Testclass1@2b30a42c] output={null}]]]>
              </value>
            </param>
            <param index="1">
              <value>
                <![CDATA[public void com.logintest.Testclass1.SelectStrategy()]]>
              </value>
            </param>
          </params>
          <reporter-output>
          </reporter-output>
        </test-method> <!-- createExtentTest -->
        <test-method signature="SelectStrategy()[pri:11, instance:com.logintest.Testclass1@2b30a42c]" started-at="2023-09-07T17:46:23 IST" name="SelectStrategy" finished-at="2023-09-07T17:46:24 IST" duration-ms="107" status="PASS">
          <reporter-output>
          </reporter-output>
        </test-method> <!-- SelectStrategy -->
        <test-method is-config="true" signature="captureScreenshot(org.testng.ITestResult,java.lang.reflect.Method)[pri:0, instance:com.logintest.Testclass1@2b30a42c]" started-at="2023-09-07T17:46:24 IST" name="captureScreenshot" finished-at="2023-09-07T17:46:24 IST" duration-ms="1" status="PASS">
          <params>
            <param index="0">
              <value>
                <![CDATA[[TestResult name=SelectStrategy status=SUCCESS method=Testclass1.SelectStrategy()[pri:11, instance:com.logintest.Testclass1@2b30a42c] output={null}]]]>
              </value>
            </param>
            <param index="1">
              <value>
                <![CDATA[public void com.logintest.Testclass1.SelectStrategy()]]>
              </value>
            </param>
          </params>
          <reporter-output>
          </reporter-output>
        </test-method> <!-- captureScreenshot -->
        <test-method is-config="true" signature="createExtentTest(org.testng.ITestResult,java.lang.reflect.Method)[pri:0, instance:com.logintest.Testclass1@2b30a42c]" started-at="2023-09-07T17:46:24 IST" name="createExtentTest" finished-at="2023-09-07T17:46:24 IST" duration-ms="1" status="PASS">
          <params>
            <param index="0">
              <value>
                <![CDATA[[TestResult name={null} status=CREATED method=Testclass1.ClickOnSubmitMyStrategy()[pri:12, instance:com.logintest.Testclass1@2b30a42c] output={null}]]]>
              </value>
            </param>
            <param index="1">
              <value>
                <![CDATA[public void com.logintest.Testclass1.ClickOnSubmitMyStrategy()]]>
              </value>
            </param>
          </params>
          <reporter-output>
          </reporter-output>
        </test-method> <!-- createExtentTest -->
        <test-method signature="ClickOnSubmitMyStrategy()[pri:12, instance:com.logintest.Testclass1@2b30a42c]" started-at="2023-09-07T17:46:24 IST" name="ClickOnSubmitMyStrategy" finished-at="2023-09-07T17:46:24 IST" duration-ms="146" status="PASS">
          <reporter-output>
          </reporter-output>
        </test-method> <!-- ClickOnSubmitMyStrategy -->
        <test-method is-config="true" signature="captureScreenshot(org.testng.ITestResult,java.lang.reflect.Method)[pri:0, instance:com.logintest.Testclass1@2b30a42c]" started-at="2023-09-07T17:46:24 IST" name="captureScreenshot" finished-at="2023-09-07T17:46:24 IST" duration-ms="1" status="PASS">
          <params>
            <param index="0">
              <value>
                <![CDATA[[TestResult name=ClickOnSubmitMyStrategy status=SUCCESS method=Testclass1.ClickOnSubmitMyStrategy()[pri:12, instance:com.logintest.Testclass1@2b30a42c] output={null}]]]>
              </value>
            </param>
            <param index="1">
              <value>
                <![CDATA[public void com.logintest.Testclass1.ClickOnSubmitMyStrategy()]]>
              </value>
            </param>
          </params>
          <reporter-output>
          </reporter-output>
        </test-method> <!-- captureScreenshot -->
        <test-method signature="SelectAmount()[pri:13, instance:com.logintest.Testclass1@2b30a42c]" started-at="2023-09-07T17:46:24 IST" name="SelectAmount" finished-at="2023-09-07T17:46:24 IST" duration-ms="152" status="PASS">
          <reporter-output>
          </reporter-output>
        </test-method> <!-- SelectAmount -->
        <test-method is-config="true" signature="createExtentTest(org.testng.ITestResult,java.lang.reflect.Method)[pri:0, instance:com.logintest.Testclass1@2b30a42c]" started-at="2023-09-07T17:46:24 IST" name="createExtentTest" finished-at="2023-09-07T17:46:24 IST" duration-ms="0" status="PASS">
          <params>
            <param index="0">
              <value>
                <![CDATA[[TestResult name={null} status=CREATED method=Testclass1.SelectAmount()[pri:13, instance:com.logintest.Testclass1@2b30a42c] output={null}]]]>
              </value>
            </param>
            <param index="1">
              <value>
                <![CDATA[public void com.logintest.Testclass1.SelectAmount()]]>
              </value>
            </param>
          </params>
          <reporter-output>
          </reporter-output>
        </test-method> <!-- createExtentTest -->
        <test-method is-config="true" signature="captureScreenshot(org.testng.ITestResult,java.lang.reflect.Method)[pri:0, instance:com.logintest.Testclass1@2b30a42c]" started-at="2023-09-07T17:46:24 IST" name="captureScreenshot" finished-at="2023-09-07T17:46:24 IST" duration-ms="2" status="PASS">
          <params>
            <param index="0">
              <value>
                <![CDATA[[TestResult name=SelectAmount status=SUCCESS method=Testclass1.SelectAmount()[pri:13, instance:com.logintest.Testclass1@2b30a42c] output={null}]]]>
              </value>
            </param>
            <param index="1">
              <value>
                <![CDATA[public void com.logintest.Testclass1.SelectAmount()]]>
              </value>
            </param>
          </params>
          <reporter-output>
          </reporter-output>
        </test-method> <!-- captureScreenshot -->
        <test-method is-config="true" signature="createExtentTest(org.testng.ITestResult,java.lang.reflect.Method)[pri:0, instance:com.logintest.Testclass1@2b30a42c]" started-at="2023-09-07T17:46:24 IST" name="createExtentTest" finished-at="2023-09-07T17:46:24 IST" duration-ms="1" status="PASS">
          <params>
            <param index="0">
              <value>
                <![CDATA[[TestResult name={null} status=CREATED method=Testclass1.SelectPlan()[pri:14, instance:com.logintest.Testclass1@2b30a42c] output={null}]]]>
              </value>
            </param>
            <param index="1">
              <value>
                <![CDATA[public void com.logintest.Testclass1.SelectPlan()]]>
              </value>
            </param>
          </params>
          <reporter-output>
          </reporter-output>
        </test-method> <!-- createExtentTest -->
        <test-method signature="SelectPlan()[pri:14, instance:com.logintest.Testclass1@2b30a42c]" started-at="2023-09-07T17:46:24 IST" name="SelectPlan" finished-at="2023-09-07T17:46:24 IST" duration-ms="103" status="PASS">
          <reporter-output>
          </reporter-output>
        </test-method> <!-- SelectPlan -->
        <test-method is-config="true" signature="captureScreenshot(org.testng.ITestResult,java.lang.reflect.Method)[pri:0, instance:com.logintest.Testclass1@2b30a42c]" started-at="2023-09-07T17:46:24 IST" name="captureScreenshot" finished-at="2023-09-07T17:46:24 IST" duration-ms="1" status="PASS">
          <params>
            <param index="0">
              <value>
                <![CDATA[[TestResult name=SelectPlan status=SUCCESS method=Testclass1.SelectPlan()[pri:14, instance:com.logintest.Testclass1@2b30a42c] output={null}]]]>
              </value>
            </param>
            <param index="1">
              <value>
                <![CDATA[public void com.logintest.Testclass1.SelectPlan()]]>
              </value>
            </param>
          </params>
          <reporter-output>
          </reporter-output>
        </test-method> <!-- captureScreenshot -->
        <test-method signature="CLickOnContinueButton()[pri:15, instance:com.logintest.Testclass1@2b30a42c]" started-at="2023-09-07T17:46:24 IST" name="CLickOnContinueButton" finished-at="2023-09-07T17:46:24 IST" duration-ms="100" status="PASS">
          <reporter-output>
          </reporter-output>
        </test-method> <!-- CLickOnContinueButton -->
        <test-method is-config="true" signature="createExtentTest(org.testng.ITestResult,java.lang.reflect.Method)[pri:0, instance:com.logintest.Testclass1@2b30a42c]" started-at="2023-09-07T17:46:24 IST" name="createExtentTest" finished-at="2023-09-07T17:46:24 IST" duration-ms="0" status="PASS">
          <params>
            <param index="0">
              <value>
                <![CDATA[[TestResult name={null} status=CREATED method=Testclass1.CLickOnContinueButton()[pri:15, instance:com.logintest.Testclass1@2b30a42c] output={null}]]]>
              </value>
            </param>
            <param index="1">
              <value>
                <![CDATA[public void com.logintest.Testclass1.CLickOnContinueButton()]]>
              </value>
            </param>
          </params>
          <reporter-output>
          </reporter-output>
        </test-method> <!-- createExtentTest -->
        <test-method is-config="true" signature="captureScreenshot(org.testng.ITestResult,java.lang.reflect.Method)[pri:0, instance:com.logintest.Testclass1@2b30a42c]" started-at="2023-09-07T17:46:24 IST" name="captureScreenshot" finished-at="2023-09-07T17:46:24 IST" duration-ms="3" status="PASS">
          <params>
            <param index="0">
              <value>
                <![CDATA[[TestResult name=CLickOnContinueButton status=SUCCESS method=Testclass1.CLickOnContinueButton()[pri:15, instance:com.logintest.Testclass1@2b30a42c] output={null}]]]>
              </value>
            </param>
            <param index="1">
              <value>
                <![CDATA[public void com.logintest.Testclass1.CLickOnContinueButton()]]>
              </value>
            </param>
          </params>
          <reporter-output>
          </reporter-output>
        </test-method> <!-- captureScreenshot -->
        <test-method is-config="true" signature="createExtentTest(org.testng.ITestResult,java.lang.reflect.Method)[pri:0, instance:com.logintest.Testclass1@2b30a42c]" started-at="2023-09-07T17:46:24 IST" name="createExtentTest" finished-at="2023-09-07T17:46:24 IST" duration-ms="2" status="PASS">
          <params>
            <param index="0">
              <value>
                <![CDATA[[TestResult name={null} status=CREATED method=Testclass1.ConfirmInvestmentPreference()[pri:16, instance:com.logintest.Testclass1@2b30a42c] output={null}]]]>
              </value>
            </param>
            <param index="1">
              <value>
                <![CDATA[public void com.logintest.Testclass1.ConfirmInvestmentPreference() throws java.lang.InterruptedException]]>
              </value>
            </param>
          </params>
          <reporter-output>
          </reporter-output>
        </test-method> <!-- createExtentTest -->
        <test-method signature="ConfirmInvestmentPreference()[pri:16, instance:com.logintest.Testclass1@2b30a42c]" started-at="2023-09-07T17:46:24 IST" name="ConfirmInvestmentPreference" finished-at="2023-09-07T17:46:33 IST" duration-ms="9282" status="PASS">
          <reporter-output>
          </reporter-output>
        </test-method> <!-- ConfirmInvestmentPreference -->
        <test-method is-config="true" signature="captureScreenshot(org.testng.ITestResult,java.lang.reflect.Method)[pri:0, instance:com.logintest.Testclass1@2b30a42c]" started-at="2023-09-07T17:46:33 IST" name="captureScreenshot" finished-at="2023-09-07T17:46:33 IST" duration-ms="5" status="PASS">
          <params>
            <param index="0">
              <value>
                <![CDATA[[TestResult name=ConfirmInvestmentPreference status=SUCCESS method=Testclass1.ConfirmInvestmentPreference()[pri:16, instance:com.logintest.Testclass1@2b30a42c] output={null}]]]>
              </value>
            </param>
            <param index="1">
              <value>
                <![CDATA[public void com.logintest.Testclass1.ConfirmInvestmentPreference() throws java.lang.InterruptedException]]>
              </value>
            </param>
          </params>
          <reporter-output>
          </reporter-output>
        </test-method> <!-- captureScreenshot -->
        <test-method is-config="true" signature="createExtentTest(org.testng.ITestResult,java.lang.reflect.Method)[pri:0, instance:com.logintest.Testclass1@2b30a42c]" started-at="2023-09-07T17:46:33 IST" name="createExtentTest" finished-at="2023-09-07T17:46:33 IST" duration-ms="3" status="PASS">
          <params>
            <param index="0">
              <value>
                <![CDATA[[TestResult name={null} status=CREATED method=Testclass1.UnlockPortfolioButton()[pri:17, instance:com.logintest.Testclass1@2b30a42c] output={null}]]]>
              </value>
            </param>
            <param index="1">
              <value>
                <![CDATA[public void com.logintest.Testclass1.UnlockPortfolioButton()]]>
              </value>
            </param>
          </params>
          <reporter-output>
          </reporter-output>
        </test-method> <!-- createExtentTest -->
        <test-method signature="UnlockPortfolioButton()[pri:17, instance:com.logintest.Testclass1@2b30a42c]" started-at="2023-09-07T17:46:33 IST" name="UnlockPortfolioButton" finished-at="2023-09-07T17:46:33 IST" duration-ms="33" status="FAIL">
          <exception class="java.lang.IllegalArgumentException">
            <message>
              <![CDATA[Input must be set]]>
            </message>
            <full-stacktrace>
              <![CDATA[java.lang.IllegalArgumentException: Input must be set
at org.openqa.selenium.internal.Require.nonNull(Require.java:59)
at org.openqa.selenium.support.ui.FluentWait.<init>(FluentWait.java:97)
at org.openqa.selenium.support.ui.WebDriverWait.<init>(WebDriverWait.java:77)
at org.openqa.selenium.support.ui.WebDriverWait.<init>(WebDriverWait.java:46)
at com.Jarvis.Portfolio.InvestmentPreference.ClickonunlockNowButtton(InvestmentPreference.java:74)
at com.logintest.Testclass1.UnlockPortfolioButton(Testclass1.java:111)
at java.base/jdk.internal.reflect.NativeMethodAccessorImpl.invoke0(Native Method)
at java.base/jdk.internal.reflect.NativeMethodAccessorImpl.invoke(NativeMethodAccessorImpl.java:77)
at java.base/jdk.internal.reflect.DelegatingMethodAccessorImpl.invoke(DelegatingMethodAccessorImpl.java:43)
at java.base/java.lang.reflect.Method.invoke(Method.java:568)
at org.testng.internal.invokers.MethodInvocationHelper.invokeMethod(MethodInvocationHelper.java:139)
at org.testng.internal.invokers.TestInvoker.invokeMethod(TestInvoker.java:664)
at org.testng.internal.invokers.TestInvoker.invokeTestMethod(TestInvoker.java:227)
at org.testng.internal.invokers.MethodRunner.runInSequence(MethodRunner.java:50)
at org.testng.internal.invokers.TestInvoker$MethodInvocationAgent.invoke(TestInvoker.java:957)
at org.testng.internal.invokers.TestInvoker.invokeTestMethods(TestInvoker.java:200)
at org.testng.internal.invokers.TestMethodWorker.invokeTestMethods(TestMethodWorker.java:148)
at org.testng.internal.invokers.TestMethodWorker.run(TestMethodWorker.java:128)
at java.base/java.util.ArrayList.forEach(ArrayList.java:1511)
at org.testng.TestRunner.privateRun(TestRunner.java:848)
at org.testng.TestRunner.run(TestRunner.java:621)
at org.testng.SuiteRunner.runTest(SuiteRunner.java:443)
at org.testng.SuiteRunner.runSequentially(SuiteRunner.java:437)
at org.testng.SuiteRunner.privateRun(SuiteRunner.java:397)
at org.testng.SuiteRunner.run(SuiteRunner.java:336)
at org.testng.SuiteRunnerWorker.runSuite(SuiteRunnerWorker.java:52)
at org.testng.SuiteRunnerWorker.run(SuiteRunnerWorker.java:95)
at org.testng.TestNG.runSuitesSequentially(TestNG.java:1280)
at org.testng.TestNG.runSuitesLocally(TestNG.java:1200)
at org.testng.TestNG.runSuites(TestNG.java:1114)
at org.testng.TestNG.run(TestNG.java:1082)
at org.testng.remote.AbstractRemoteTestNG.run(AbstractRemoteTestNG.java:115)
at org.testng.remote.RemoteTestNG.initAndRun(RemoteTestNG.java:251)
at org.testng.remote.RemoteTestNG.main(RemoteTestNG.java:77)
]]>
            </full-stacktrace>
          </exception> <!-- java.lang.IllegalArgumentException -->
          <reporter-output>
          </reporter-output>
        </test-method> <!-- UnlockPortfolioButton -->
        <test-method is-config="true" signature="captureScreenshot(org.testng.ITestResult,java.lang.reflect.Method)[pri:0, instance:com.logintest.Testclass1@2b30a42c]" started-at="2023-09-07T17:46:33 IST" name="captureScreenshot" finished-at="2023-09-07T17:46:34 IST" duration-ms="294" status="PASS">
          <params>
            <param index="0">
              <value>
                <![CDATA[[TestResult name=UnlockPortfolioButton status=FAILURE method=Testclass1.UnlockPortfolioButton()[pri:17, instance:com.logintest.Testclass1@2b30a42c] output={null}]]]>
              </value>
            </param>
            <param index="1">
              <value>
                <![CDATA[public void com.logintest.Testclass1.UnlockPortfolioButton()]]>
              </value>
            </param>
          </params>
          <reporter-output>
          </reporter-output>
        </test-method> <!-- captureScreenshot -->
        <test-method is-config="true" signature="createExtentTest(org.testng.ITestResult,java.lang.reflect.Method)[pri:0, instance:com.logintest.Testclass1@2b30a42c]" started-at="2023-09-07T17:46:34 IST" name="createExtentTest" finished-at="2023-09-07T17:46:34 IST" duration-ms="1" status="PASS">
          <params>
            <param index="0">
              <value>
                <![CDATA[[TestResult name={null} status=CREATED method=Testclass1.ClickOnPayNowButton()[pri:18, instance:com.logintest.Testclass1@2b30a42c] output={null}]]]>
              </value>
            </param>
            <param index="1">
              <value>
                <![CDATA[public void com.logintest.Testclass1.ClickOnPayNowButton()]]>
              </value>
            </param>
          </params>
          <reporter-output>
          </reporter-output>
        </test-method> <!-- createExtentTest -->
        <test-method signature="ClickOnPayNowButton()[pri:18, instance:com.logintest.Testclass1@2b30a42c]" started-at="2023-09-07T17:46:34 IST" name="ClickOnPayNowButton" finished-at="2023-09-07T17:46:44 IST" duration-ms="10094" status="FAIL">
          <exception class="org.openqa.selenium.NoSuchElementException">
            <message>
              <![CDATA[no such element: Unable to locate element: {"method":"xpath","selector":"//button[text()='Pay ']"}
  (Session info: chrome=116.0.5845.142)
For documentation on this error, please visit: https://selenium.dev/exceptions/#no_such_element
Build info: version: '4.9.1', revision: 'eb2032df7f'
System info: os.name: 'Windows 10', os.arch: 'amd64', os.version: '10.0', java.version: '17.0.7'
Driver info: org.openqa.selenium.chrome.ChromeDriver
Command: [506f037a9fd4c7f47ba7e33eb206a96d, findElement {using=xpath, value=//button[text()='Pay ']}]
Capabilities {acceptInsecureCerts: false, browserName: chrome, browserVersion: 116.0.5845.142, chrome: {chromedriverVersion: 116.0.5845.96 (1a3918166880..., userDataDir: C:\Users\t\AppData\Local\Te...}, fedcm:accounts: true, goog:chromeOptions: {debuggerAddress: localhost:59326}, networkConnectionEnabled: false, pageLoadStrategy: normal, platformName: windows, proxy: Proxy(), se:cdp: ws://localhost:59326/devtoo..., se:cdpVersion: 116.0.5845.142, setWindowRect: true, strictFileInteractability: false, timeouts: {implicit: 0, pageLoad: 300000, script: 30000}, unhandledPromptBehavior: dismiss and notify, webauthn:extension:credBlob: true, webauthn:extension:largeBlob: true, webauthn:extension:minPinLength: true, webauthn:extension:prf: true, webauthn:virtualAuthenticators: true}
Session ID: 506f037a9fd4c7f47ba7e33eb206a96d]]>
            </message>
            <full-stacktrace>
              <![CDATA[org.openqa.selenium.NoSuchElementException: no such element: Unable to locate element: {"method":"xpath","selector":"//button[text()='Pay ']"}
  (Session info: chrome=116.0.5845.142)
For documentation on this error, please visit: https://selenium.dev/exceptions/#no_such_element
Build info: version: '4.9.1', revision: 'eb2032df7f'
System info: os.name: 'Windows 10', os.arch: 'amd64', os.version: '10.0', java.version: '17.0.7'
Driver info: org.openqa.selenium.chrome.ChromeDriver
Command: [506f037a9fd4c7f47ba7e33eb206a96d, findElement {using=xpath, value=//button[text()='Pay ']}]
Capabilities {acceptInsecureCerts: false, browserName: chrome, browserVersion: 116.0.5845.142, chrome: {chromedriverVersion: 116.0.5845.96 (1a3918166880..., userDataDir: C:\Users\t\AppData\Local\Te...}, fedcm:accounts: true, goog:chromeOptions: {debuggerAddress: localhost:59326}, networkConnectionEnabled: false, pageLoadStrategy: normal, platformName: windows, proxy: Proxy(), se:cdp: ws://localhost:59326/devtoo..., se:cdpVersion: 116.0.5845.142, setWindowRect: true, strictFileInteractability: false, timeouts: {implicit: 0, pageLoad: 300000, script: 30000}, unhandledPromptBehavior: dismiss and notify, webauthn:extension:credBlob: true, webauthn:extension:largeBlob: true, webauthn:extension:minPinLength: true, webauthn:extension:prf: true, webauthn:virtualAuthenticators: true}
Session ID: 506f037a9fd4c7f47ba7e33eb206a96d
at java.base/jdk.internal.reflect.NativeConstructorAccessorImpl.newInstance0(Native Method)
at java.base/jdk.internal.reflect.NativeConstructorAccessorImpl.newInstance(NativeConstructorAccessorImpl.java:77)
at java.base/jdk.internal.reflect.DelegatingConstructorAccessorImpl.newInstance(DelegatingConstructorAccessorImpl.java:45)
at java.base/java.lang.reflect.Constructor.newInstanceWithCaller(Constructor.java:499)
at java.base/java.lang.reflect.Constructor.newInstance(Constructor.java:480)
at org.openqa.selenium.remote.codec.w3c.W3CHttpResponseCodec.createException(W3CHttpResponseCodec.java:200)
at org.openqa.selenium.remote.codec.w3c.W3CHttpResponseCodec.decode(W3CHttpResponseCodec.java:133)
at org.openqa.selenium.remote.codec.w3c.W3CHttpResponseCodec.decode(W3CHttpResponseCodec.java:53)
at org.openqa.selenium.remote.HttpCommandExecutor.execute(HttpCommandExecutor.java:193)
at org.openqa.selenium.remote.service.DriverCommandExecutor.invokeExecute(DriverCommandExecutor.java:183)
at org.openqa.selenium.remote.service.DriverCommandExecutor.execute(DriverCommandExecutor.java:158)
at org.openqa.selenium.remote.RemoteWebDriver.execute(RemoteWebDriver.java:543)
at org.openqa.selenium.remote.ElementLocation$ElementFinder$2.findElement(ElementLocation.java:162)
at org.openqa.selenium.remote.ElementLocation.findElement(ElementLocation.java:60)
at org.openqa.selenium.remote.RemoteWebDriver.findElement(RemoteWebDriver.java:352)
at org.openqa.selenium.remote.RemoteWebDriver.findElement(RemoteWebDriver.java:344)
at org.openqa.selenium.support.pagefactory.DefaultElementLocator.findElement(DefaultElementLocator.java:70)
at org.openqa.selenium.support.pagefactory.internal.LocatingElementHandler.invoke(LocatingElementHandler.java:39)
at jdk.proxy2/jdk.proxy2.$Proxy22.click(Unknown Source)
at com.Jarvis.Portfolio.Payment.ClickoPayButton(Payment.java:34)
at com.logintest.Testclass1.ClickOnPayNowButton(Testclass1.java:116)
at java.base/jdk.internal.reflect.NativeMethodAccessorImpl.invoke0(Native Method)
at java.base/jdk.internal.reflect.NativeMethodAccessorImpl.invoke(NativeMethodAccessorImpl.java:77)
at java.base/jdk.internal.reflect.DelegatingMethodAccessorImpl.invoke(DelegatingMethodAccessorImpl.java:43)
at java.base/java.lang.reflect.Method.invoke(Method.java:568)
at org.testng.internal.invokers.MethodInvocationHelper.invokeMethod(MethodInvocationHelper.java:139)
at org.testng.internal.invokers.TestInvoker.invokeMethod(TestInvoker.java:664)
at org.testng.internal.invokers.TestInvoker.invokeTestMethod(TestInvoker.java:227)
at org.testng.internal.invokers.MethodRunner.runInSequence(MethodRunner.java:50)
at org.testng.internal.invokers.TestInvoker$MethodInvocationAgent.invoke(TestInvoker.java:957)
at org.testng.internal.invokers.TestInvoker.invokeTestMethods(TestInvoker.java:200)
at org.testng.internal.invokers.TestMethodWorker.invokeTestMethods(TestMethodWorker.java:148)
at org.testng.internal.invokers.TestMethodWorker.run(TestMethodWorker.java:128)
at java.base/java.util.ArrayList.forEach(ArrayList.java:1511)
at org.testng.TestRunner.privateRun(TestRunner.java:848)
at org.testng.TestRunner.run(TestRunner.java:621)
at org.testng.SuiteRunner.runTest(SuiteRunner.java:443)
at org.testng.SuiteRunner.runSequentially(SuiteRunner.java:437)
at org.testng.SuiteRunner.privateRun(SuiteRunner.java:397)
at org.testng.SuiteRunner.run(SuiteRunner.java:336)
at org.testng.SuiteRunnerWorker.runSuite(SuiteRunnerWorker.java:52)
at org.testng.SuiteRunnerWorker.run(SuiteRunnerWorker.java:95)
at org.testng.TestNG.runSuitesSequentially(TestNG.java:1280)
at org.testng.TestNG.runSuitesLocally(TestNG.java:1200)
at org.testng.TestNG.runSuites(TestNG.java:1114)
at org.testng.TestNG.run(TestNG.java:1082)
at org.testng.remote.AbstractRemoteTestNG.run(AbstractRemoteTestNG.java:115)
at org.testng.remote.RemoteTestNG.initAndRun(RemoteTestNG.java:251)
at org.testng.remote.RemoteTestNG.main(RemoteTestNG.java:77)
]]>
            </full-stacktrace>
          </exception> <!-- org.openqa.selenium.NoSuchElementException -->
          <reporter-output>
          </reporter-output>
        </test-method> <!-- ClickOnPayNowButton -->
        <test-method is-config="true" signature="captureScreenshot(org.testng.ITestResult,java.lang.reflect.Method)[pri:0, instance:com.logintest.Testclass1@2b30a42c]" started-at="2023-09-07T17:46:44 IST" name="captureScreenshot" finished-at="2023-09-07T17:46:44 IST" duration-ms="466" status="PASS">
          <params>
            <param index="0">
              <value>
                <![CDATA[[TestResult name=ClickOnPayNowButton status=FAILURE method=Testclass1.ClickOnPayNowButton()[pri:18, instance:com.logintest.Testclass1@2b30a42c] output={null}]]]>
              </value>
            </param>
            <param index="1">
              <value>
                <![CDATA[public void com.logintest.Testclass1.ClickOnPayNowButton()]]>
              </value>
            </param>
          </params>
          <reporter-output>
          </reporter-output>
        </test-method> <!-- captureScreenshot -->
        <test-method is-config="true" signature="createExtentTest(org.testng.ITestResult,java.lang.reflect.Method)[pri:0, instance:com.logintest.Testclass1@2b30a42c]" started-at="2023-09-07T17:46:44 IST" name="createExtentTest" finished-at="2023-09-07T17:46:44 IST" duration-ms="1" status="PASS">
          <params>
            <param index="0">
              <value>
                <![CDATA[[TestResult name={null} status=CREATED method=Testclass1.ClickOnIAgreeButton()[pri:19, instance:com.logintest.Testclass1@2b30a42c] output={null}]]]>
              </value>
            </param>
            <param index="1">
              <value>
                <![CDATA[public void com.logintest.Testclass1.ClickOnIAgreeButton()]]>
              </value>
            </param>
          </params>
          <reporter-output>
          </reporter-output>
        </test-method> <!-- createExtentTest -->
        <test-method signature="ClickOnIAgreeButton()[pri:19, instance:com.logintest.Testclass1@2b30a42c]" started-at="2023-09-07T17:46:44 IST" name="ClickOnIAgreeButton" finished-at="2023-09-07T17:46:54 IST" duration-ms="10070" status="FAIL">
          <exception class="org.openqa.selenium.NoSuchElementException">
            <message>
              <![CDATA[no such element: Unable to locate element: {"method":"xpath","selector":"//button[text()='I agree']"}
  (Session info: chrome=116.0.5845.142)
For documentation on this error, please visit: https://selenium.dev/exceptions/#no_such_element
Build info: version: '4.9.1', revision: 'eb2032df7f'
System info: os.name: 'Windows 10', os.arch: 'amd64', os.version: '10.0', java.version: '17.0.7'
Driver info: org.openqa.selenium.chrome.ChromeDriver
Command: [506f037a9fd4c7f47ba7e33eb206a96d, findElement {using=xpath, value=//button[text()='I agree']}]
Capabilities {acceptInsecureCerts: false, browserName: chrome, browserVersion: 116.0.5845.142, chrome: {chromedriverVersion: 116.0.5845.96 (1a3918166880..., userDataDir: C:\Users\t\AppData\Local\Te...}, fedcm:accounts: true, goog:chromeOptions: {debuggerAddress: localhost:59326}, networkConnectionEnabled: false, pageLoadStrategy: normal, platformName: windows, proxy: Proxy(), se:cdp: ws://localhost:59326/devtoo..., se:cdpVersion: 116.0.5845.142, setWindowRect: true, strictFileInteractability: false, timeouts: {implicit: 0, pageLoad: 300000, script: 30000}, unhandledPromptBehavior: dismiss and notify, webauthn:extension:credBlob: true, webauthn:extension:largeBlob: true, webauthn:extension:minPinLength: true, webauthn:extension:prf: true, webauthn:virtualAuthenticators: true}
Session ID: 506f037a9fd4c7f47ba7e33eb206a96d]]>
            </message>
            <full-stacktrace>
              <![CDATA[org.openqa.selenium.NoSuchElementException: no such element: Unable to locate element: {"method":"xpath","selector":"//button[text()='I agree']"}
  (Session info: chrome=116.0.5845.142)
For documentation on this error, please visit: https://selenium.dev/exceptions/#no_such_element
Build info: version: '4.9.1', revision: 'eb2032df7f'
System info: os.name: 'Windows 10', os.arch: 'amd64', os.version: '10.0', java.version: '17.0.7'
Driver info: org.openqa.selenium.chrome.ChromeDriver
Command: [506f037a9fd4c7f47ba7e33eb206a96d, findElement {using=xpath, value=//button[text()='I agree']}]
Capabilities {acceptInsecureCerts: false, browserName: chrome, browserVersion: 116.0.5845.142, chrome: {chromedriverVersion: 116.0.5845.96 (1a3918166880..., userDataDir: C:\Users\t\AppData\Local\Te...}, fedcm:accounts: true, goog:chromeOptions: {debuggerAddress: localhost:59326}, networkConnectionEnabled: false, pageLoadStrategy: normal, platformName: windows, proxy: Proxy(), se:cdp: ws://localhost:59326/devtoo..., se:cdpVersion: 116.0.5845.142, setWindowRect: true, strictFileInteractability: false, timeouts: {implicit: 0, pageLoad: 300000, script: 30000}, unhandledPromptBehavior: dismiss and notify, webauthn:extension:credBlob: true, webauthn:extension:largeBlob: true, webauthn:extension:minPinLength: true, webauthn:extension:prf: true, webauthn:virtualAuthenticators: true}
Session ID: 506f037a9fd4c7f47ba7e33eb206a96d
at java.base/jdk.internal.reflect.NativeConstructorAccessorImpl.newInstance0(Native Method)
at java.base/jdk.internal.reflect.NativeConstructorAccessorImpl.newInstance(NativeConstructorAccessorImpl.java:77)
at java.base/jdk.internal.reflect.DelegatingConstructorAccessorImpl.newInstance(DelegatingConstructorAccessorImpl.java:45)
at java.base/java.lang.reflect.Constructor.newInstanceWithCaller(Constructor.java:499)
at java.base/java.lang.reflect.Constructor.newInstance(Constructor.java:480)
at org.openqa.selenium.remote.codec.w3c.W3CHttpResponseCodec.createException(W3CHttpResponseCodec.java:200)
at org.openqa.selenium.remote.codec.w3c.W3CHttpResponseCodec.decode(W3CHttpResponseCodec.java:133)
at org.openqa.selenium.remote.codec.w3c.W3CHttpResponseCodec.decode(W3CHttpResponseCodec.java:53)
at org.openqa.selenium.remote.HttpCommandExecutor.execute(HttpCommandExecutor.java:193)
at org.openqa.selenium.remote.service.DriverCommandExecutor.invokeExecute(DriverCommandExecutor.java:183)
at org.openqa.selenium.remote.service.DriverCommandExecutor.execute(DriverCommandExecutor.java:158)
at org.openqa.selenium.remote.RemoteWebDriver.execute(RemoteWebDriver.java:543)
at org.openqa.selenium.remote.ElementLocation$ElementFinder$2.findElement(ElementLocation.java:162)
at org.openqa.selenium.remote.ElementLocation.findElement(ElementLocation.java:60)
at org.openqa.selenium.remote.RemoteWebDriver.findElement(RemoteWebDriver.java:352)
at org.openqa.selenium.remote.RemoteWebDriver.findElement(RemoteWebDriver.java:344)
at org.openqa.selenium.support.pagefactory.DefaultElementLocator.findElement(DefaultElementLocator.java:70)
at org.openqa.selenium.support.pagefactory.internal.LocatingElementHandler.invoke(LocatingElementHandler.java:39)
at jdk.proxy2/jdk.proxy2.$Proxy22.click(Unknown Source)
at com.Jarvis.Portfolio.Payment.ClickOnIAgree(Payment.java:38)
at com.logintest.Testclass1.ClickOnIAgreeButton(Testclass1.java:121)
at java.base/jdk.internal.reflect.NativeMethodAccessorImpl.invoke0(Native Method)
at java.base/jdk.internal.reflect.NativeMethodAccessorImpl.invoke(NativeMethodAccessorImpl.java:77)
at java.base/jdk.internal.reflect.DelegatingMethodAccessorImpl.invoke(DelegatingMethodAccessorImpl.java:43)
at java.base/java.lang.reflect.Method.invoke(Method.java:568)
at org.testng.internal.invokers.MethodInvocationHelper.invokeMethod(MethodInvocationHelper.java:139)
at org.testng.internal.invokers.TestInvoker.invokeMethod(TestInvoker.java:664)
at org.testng.internal.invokers.TestInvoker.invokeTestMethod(TestInvoker.java:227)
at org.testng.internal.invokers.MethodRunner.runInSequence(MethodRunner.java:50)
at org.testng.internal.invokers.TestInvoker$MethodInvocationAgent.invoke(TestInvoker.java:957)
at org.testng.internal.invokers.TestInvoker.invokeTestMethods(TestInvoker.java:200)
at org.testng.internal.invokers.TestMethodWorker.invokeTestMethods(TestMethodWorker.java:148)
at org.testng.internal.invokers.TestMethodWorker.run(TestMethodWorker.java:128)
at java.base/java.util.ArrayList.forEach(ArrayList.java:1511)
at org.testng.TestRunner.privateRun(TestRunner.java:848)
at org.testng.TestRunner.run(TestRunner.java:621)
at org.testng.SuiteRunner.runTest(SuiteRunner.java:443)
at org.testng.SuiteRunner.runSequentially(SuiteRunner.java:437)
at org.testng.SuiteRunner.privateRun(SuiteRunner.java:397)
at org.testng.SuiteRunner.run(SuiteRunner.java:336)
at org.testng.SuiteRunnerWorker.runSuite(SuiteRunnerWorker.java:52)
at org.testng.SuiteRunnerWorker.run(SuiteRunnerWorker.java:95)
at org.testng.TestNG.runSuitesSequentially(TestNG.java:1280)
at org.testng.TestNG.runSuitesLocally(TestNG.java:1200)
at org.testng.TestNG.runSuites(TestNG.java:1114)
at org.testng.TestNG.run(TestNG.java:1082)
at org.testng.remote.AbstractRemoteTestNG.run(AbstractRemoteTestNG.java:115)
at org.testng.remote.RemoteTestNG.initAndRun(RemoteTestNG.java:251)
at org.testng.remote.RemoteTestNG.main(RemoteTestNG.java:77)
]]>
            </full-stacktrace>
          </exception> <!-- org.openqa.selenium.NoSuchElementException -->
          <reporter-output>
          </reporter-output>
        </test-method> <!-- ClickOnIAgreeButton -->
        <test-method is-config="true" signature="captureScreenshot(org.testng.ITestResult,java.lang.reflect.Method)[pri:0, instance:com.logintest.Testclass1@2b30a42c]" started-at="2023-09-07T17:46:54 IST" name="captureScreenshot" finished-at="2023-09-07T17:46:55 IST" duration-ms="412" status="PASS">
          <params>
            <param index="0">
              <value>
                <![CDATA[[TestResult name=ClickOnIAgreeButton status=FAILURE method=Testclass1.ClickOnIAgreeButton()[pri:19, instance:com.logintest.Testclass1@2b30a42c] output={null}]]]>
              </value>
            </param>
            <param index="1">
              <value>
                <![CDATA[public void com.logintest.Testclass1.ClickOnIAgreeButton()]]>
              </value>
            </param>
          </params>
          <reporter-output>
          </reporter-output>
        </test-method> <!-- captureScreenshot -->
        <test-method is-config="true" signature="createExtentTest(org.testng.ITestResult,java.lang.reflect.Method)[pri:0, instance:com.logintest.Testclass1@2b30a42c]" started-at="2023-09-07T17:46:55 IST" name="createExtentTest" finished-at="2023-09-07T17:46:55 IST" duration-ms="1" status="PASS">
          <params>
            <param index="0">
              <value>
                <![CDATA[[TestResult name={null} status=CREATED method=Testclass1.selectpaymentmethod()[pri:20, instance:com.logintest.Testclass1@2b30a42c] output={null}]]]>
              </value>
            </param>
            <param index="1">
              <value>
                <![CDATA[public void com.logintest.Testclass1.selectpaymentmethod()]]>
              </value>
            </param>
          </params>
          <reporter-output>
          </reporter-output>
        </test-method> <!-- createExtentTest -->
        <test-method signature="selectpaymentmethod()[pri:20, instance:com.logintest.Testclass1@2b30a42c]" started-at="2023-09-07T17:46:55 IST" name="selectpaymentmethod" finished-at="2023-09-07T17:47:05 IST" duration-ms="10066" status="FAIL">
          <exception class="org.openqa.selenium.NoSuchElementException">
            <message>
              <![CDATA[no such element: Unable to locate element: {"method":"xpath","selector":"(//input[@name='paymentMethod'])[1]"}
  (Session info: chrome=116.0.5845.142)
For documentation on this error, please visit: https://selenium.dev/exceptions/#no_such_element
Build info: version: '4.9.1', revision: 'eb2032df7f'
System info: os.name: 'Windows 10', os.arch: 'amd64', os.version: '10.0', java.version: '17.0.7'
Driver info: org.openqa.selenium.chrome.ChromeDriver
Command: [506f037a9fd4c7f47ba7e33eb206a96d, findElement {using=xpath, value=(//input[@name='paymentMethod'])[1]}]
Capabilities {acceptInsecureCerts: false, browserName: chrome, browserVersion: 116.0.5845.142, chrome: {chromedriverVersion: 116.0.5845.96 (1a3918166880..., userDataDir: C:\Users\t\AppData\Local\Te...}, fedcm:accounts: true, goog:chromeOptions: {debuggerAddress: localhost:59326}, networkConnectionEnabled: false, pageLoadStrategy: normal, platformName: windows, proxy: Proxy(), se:cdp: ws://localhost:59326/devtoo..., se:cdpVersion: 116.0.5845.142, setWindowRect: true, strictFileInteractability: false, timeouts: {implicit: 0, pageLoad: 300000, script: 30000}, unhandledPromptBehavior: dismiss and notify, webauthn:extension:credBlob: true, webauthn:extension:largeBlob: true, webauthn:extension:minPinLength: true, webauthn:extension:prf: true, webauthn:virtualAuthenticators: true}
Session ID: 506f037a9fd4c7f47ba7e33eb206a96d]]>
            </message>
            <full-stacktrace>
              <![CDATA[org.openqa.selenium.NoSuchElementException: no such element: Unable to locate element: {"method":"xpath","selector":"(//input[@name='paymentMethod'])[1]"}
  (Session info: chrome=116.0.5845.142)
For documentation on this error, please visit: https://selenium.dev/exceptions/#no_such_element
Build info: version: '4.9.1', revision: 'eb2032df7f'
System info: os.name: 'Windows 10', os.arch: 'amd64', os.version: '10.0', java.version: '17.0.7'
Driver info: org.openqa.selenium.chrome.ChromeDriver
Command: [506f037a9fd4c7f47ba7e33eb206a96d, findElement {using=xpath, value=(//input[@name='paymentMethod'])[1]}]
Capabilities {acceptInsecureCerts: false, browserName: chrome, browserVersion: 116.0.5845.142, chrome: {chromedriverVersion: 116.0.5845.96 (1a3918166880..., userDataDir: C:\Users\t\AppData\Local\Te...}, fedcm:accounts: true, goog:chromeOptions: {debuggerAddress: localhost:59326}, networkConnectionEnabled: false, pageLoadStrategy: normal, platformName: windows, proxy: Proxy(), se:cdp: ws://localhost:59326/devtoo..., se:cdpVersion: 116.0.5845.142, setWindowRect: true, strictFileInteractability: false, timeouts: {implicit: 0, pageLoad: 300000, script: 30000}, unhandledPromptBehavior: dismiss and notify, webauthn:extension:credBlob: true, webauthn:extension:largeBlob: true, webauthn:extension:minPinLength: true, webauthn:extension:prf: true, webauthn:virtualAuthenticators: true}
Session ID: 506f037a9fd4c7f47ba7e33eb206a96d
at java.base/jdk.internal.reflect.NativeConstructorAccessorImpl.newInstance0(Native Method)
at java.base/jdk.internal.reflect.NativeConstructorAccessorImpl.newInstance(NativeConstructorAccessorImpl.java:77)
at java.base/jdk.internal.reflect.DelegatingConstructorAccessorImpl.newInstance(DelegatingConstructorAccessorImpl.java:45)
at java.base/java.lang.reflect.Constructor.newInstanceWithCaller(Constructor.java:499)
at java.base/java.lang.reflect.Constructor.newInstance(Constructor.java:480)
at org.openqa.selenium.remote.codec.w3c.W3CHttpResponseCodec.createException(W3CHttpResponseCodec.java:200)
at org.openqa.selenium.remote.codec.w3c.W3CHttpResponseCodec.decode(W3CHttpResponseCodec.java:133)
at org.openqa.selenium.remote.codec.w3c.W3CHttpResponseCodec.decode(W3CHttpResponseCodec.java:53)
at org.openqa.selenium.remote.HttpCommandExecutor.execute(HttpCommandExecutor.java:193)
at org.openqa.selenium.remote.service.DriverCommandExecutor.invokeExecute(DriverCommandExecutor.java:183)
at org.openqa.selenium.remote.service.DriverCommandExecutor.execute(DriverCommandExecutor.java:158)
at org.openqa.selenium.remote.RemoteWebDriver.execute(RemoteWebDriver.java:543)
at org.openqa.selenium.remote.ElementLocation$ElementFinder$2.findElement(ElementLocation.java:162)
at org.openqa.selenium.remote.ElementLocation.findElement(ElementLocation.java:60)
at org.openqa.selenium.remote.RemoteWebDriver.findElement(RemoteWebDriver.java:352)
at org.openqa.selenium.remote.RemoteWebDriver.findElement(RemoteWebDriver.java:344)
at org.openqa.selenium.support.pagefactory.DefaultElementLocator.findElement(DefaultElementLocator.java:70)
at org.openqa.selenium.support.pagefactory.internal.LocatingElementHandler.invoke(LocatingElementHandler.java:39)
at jdk.proxy2/jdk.proxy2.$Proxy22.click(Unknown Source)
at com.Jarvis.Portfolio.Payment.Selectpaymentmethod(Payment.java:42)
at com.logintest.Testclass1.selectpaymentmethod(Testclass1.java:126)
at java.base/jdk.internal.reflect.NativeMethodAccessorImpl.invoke0(Native Method)
at java.base/jdk.internal.reflect.NativeMethodAccessorImpl.invoke(NativeMethodAccessorImpl.java:77)
at java.base/jdk.internal.reflect.DelegatingMethodAccessorImpl.invoke(DelegatingMethodAccessorImpl.java:43)
at java.base/java.lang.reflect.Method.invoke(Method.java:568)
at org.testng.internal.invokers.MethodInvocationHelper.invokeMethod(MethodInvocationHelper.java:139)
at org.testng.internal.invokers.TestInvoker.invokeMethod(TestInvoker.java:664)
at org.testng.internal.invokers.TestInvoker.invokeTestMethod(TestInvoker.java:227)
at org.testng.internal.invokers.MethodRunner.runInSequence(MethodRunner.java:50)
at org.testng.internal.invokers.TestInvoker$MethodInvocationAgent.invoke(TestInvoker.java:957)
at org.testng.internal.invokers.TestInvoker.invokeTestMethods(TestInvoker.java:200)
at org.testng.internal.invokers.TestMethodWorker.invokeTestMethods(TestMethodWorker.java:148)
at org.testng.internal.invokers.TestMethodWorker.run(TestMethodWorker.java:128)
at java.base/java.util.ArrayList.forEach(ArrayList.java:1511)
at org.testng.TestRunner.privateRun(TestRunner.java:848)
at org.testng.TestRunner.run(TestRunner.java:621)
at org.testng.SuiteRunner.runTest(SuiteRunner.java:443)
at org.testng.SuiteRunner.runSequentially(SuiteRunner.java:437)
at org.testng.SuiteRunner.privateRun(SuiteRunner.java:397)
at org.testng.SuiteRunner.run(SuiteRunner.java:336)
at org.testng.SuiteRunnerWorker.runSuite(SuiteRunnerWorker.java:52)
at org.testng.SuiteRunnerWorker.run(SuiteRunnerWorker.java:95)
at org.testng.TestNG.runSuitesSequentially(TestNG.java:1280)
at org.testng.TestNG.runSuitesLocally(TestNG.java:1200)
at org.testng.TestNG.runSuites(TestNG.java:1114)
at org.testng.TestNG.run(TestNG.java:1082)
at org.testng.remote.AbstractRemoteTestNG.run(AbstractRemoteTestNG.java:115)
at org.testng.remote.RemoteTestNG.initAndRun(RemoteTestNG.java:251)
at org.testng.remote.RemoteTestNG.main(RemoteTestNG.java:77)
]]>
            </full-stacktrace>
          </exception> <!-- org.openqa.selenium.NoSuchElementException -->
          <reporter-output>
          </reporter-output>
        </test-method> <!-- selectpaymentmethod -->
        <test-method is-config="true" signature="captureScreenshot(org.testng.ITestResult,java.lang.reflect.Method)[pri:0, instance:com.logintest.Testclass1@2b30a42c]" started-at="2023-09-07T17:47:05 IST" name="captureScreenshot" finished-at="2023-09-07T17:47:05 IST" duration-ms="286" status="PASS">
          <params>
            <param index="0">
              <value>
                <![CDATA[[TestResult name=selectpaymentmethod status=FAILURE method=Testclass1.selectpaymentmethod()[pri:20, instance:com.logintest.Testclass1@2b30a42c] output={null}]]]>
              </value>
            </param>
            <param index="1">
              <value>
                <![CDATA[public void com.logintest.Testclass1.selectpaymentmethod()]]>
              </value>
            </param>
          </params>
          <reporter-output>
          </reporter-output>
        </test-method> <!-- captureScreenshot -->
        <test-method is-config="true" signature="createExtentTest(org.testng.ITestResult,java.lang.reflect.Method)[pri:0, instance:com.logintest.Testclass1@2b30a42c]" started-at="2023-09-07T17:47:05 IST" name="createExtentTest" finished-at="2023-09-07T17:47:05 IST" duration-ms="1" status="PASS">
          <params>
            <param index="0">
              <value>
                <![CDATA[[TestResult name={null} status=CREATED method=Testclass1.EnterUpiID()[pri:21, instance:com.logintest.Testclass1@2b30a42c] output={null}]]]>
              </value>
            </param>
            <param index="1">
              <value>
                <![CDATA[public void com.logintest.Testclass1.EnterUpiID()]]>
              </value>
            </param>
          </params>
          <reporter-output>
          </reporter-output>
        </test-method> <!-- createExtentTest -->
        <test-method signature="EnterUpiID()[pri:21, instance:com.logintest.Testclass1@2b30a42c]" started-at="2023-09-07T17:47:05 IST" name="EnterUpiID" finished-at="2023-09-07T17:47:15 IST" duration-ms="10055" status="FAIL">
          <exception class="org.openqa.selenium.NoSuchElementException">
            <message>
              <![CDATA[no such element: Unable to locate element: {"method":"xpath","selector":"//input[@class='MuiInputBase-input MuiFilledInput-input jss92 MuiInputBase-inputSizeSmall css-fi4tqy']"}
  (Session info: chrome=116.0.5845.142)
For documentation on this error, please visit: https://selenium.dev/exceptions/#no_such_element
Build info: version: '4.9.1', revision: 'eb2032df7f'
System info: os.name: 'Windows 10', os.arch: 'amd64', os.version: '10.0', java.version: '17.0.7'
Driver info: org.openqa.selenium.chrome.ChromeDriver
Command: [506f037a9fd4c7f47ba7e33eb206a96d, findElement {using=xpath, value=//input[@class='MuiInputBase-input MuiFilledInput-input jss92 MuiInputBase-inputSizeSmall css-fi4tqy']}]
Capabilities {acceptInsecureCerts: false, browserName: chrome, browserVersion: 116.0.5845.142, chrome: {chromedriverVersion: 116.0.5845.96 (1a3918166880..., userDataDir: C:\Users\t\AppData\Local\Te...}, fedcm:accounts: true, goog:chromeOptions: {debuggerAddress: localhost:59326}, networkConnectionEnabled: false, pageLoadStrategy: normal, platformName: windows, proxy: Proxy(), se:cdp: ws://localhost:59326/devtoo..., se:cdpVersion: 116.0.5845.142, setWindowRect: true, strictFileInteractability: false, timeouts: {implicit: 0, pageLoad: 300000, script: 30000}, unhandledPromptBehavior: dismiss and notify, webauthn:extension:credBlob: true, webauthn:extension:largeBlob: true, webauthn:extension:minPinLength: true, webauthn:extension:prf: true, webauthn:virtualAuthenticators: true}
Session ID: 506f037a9fd4c7f47ba7e33eb206a96d]]>
            </message>
            <full-stacktrace>
              <![CDATA[org.openqa.selenium.NoSuchElementException: no such element: Unable to locate element: {"method":"xpath","selector":"//input[@class='MuiInputBase-input MuiFilledInput-input jss92 MuiInputBase-inputSizeSmall css-fi4tqy']"}
  (Session info: chrome=116.0.5845.142)
For documentation on this error, please visit: https://selenium.dev/exceptions/#no_such_element
Build info: version: '4.9.1', revision: 'eb2032df7f'
System info: os.name: 'Windows 10', os.arch: 'amd64', os.version: '10.0', java.version: '17.0.7'
Driver info: org.openqa.selenium.chrome.ChromeDriver
Command: [506f037a9fd4c7f47ba7e33eb206a96d, findElement {using=xpath, value=//input[@class='MuiInputBase-input MuiFilledInput-input jss92 MuiInputBase-inputSizeSmall css-fi4tqy']}]
Capabilities {acceptInsecureCerts: false, browserName: chrome, browserVersion: 116.0.5845.142, chrome: {chromedriverVersion: 116.0.5845.96 (1a3918166880..., userDataDir: C:\Users\t\AppData\Local\Te...}, fedcm:accounts: true, goog:chromeOptions: {debuggerAddress: localhost:59326}, networkConnectionEnabled: false, pageLoadStrategy: normal, platformName: windows, proxy: Proxy(), se:cdp: ws://localhost:59326/devtoo..., se:cdpVersion: 116.0.5845.142, setWindowRect: true, strictFileInteractability: false, timeouts: {implicit: 0, pageLoad: 300000, script: 30000}, unhandledPromptBehavior: dismiss and notify, webauthn:extension:credBlob: true, webauthn:extension:largeBlob: true, webauthn:extension:minPinLength: true, webauthn:extension:prf: true, webauthn:virtualAuthenticators: true}
Session ID: 506f037a9fd4c7f47ba7e33eb206a96d
at java.base/jdk.internal.reflect.NativeConstructorAccessorImpl.newInstance0(Native Method)
at java.base/jdk.internal.reflect.NativeConstructorAccessorImpl.newInstance(NativeConstructorAccessorImpl.java:77)
at java.base/jdk.internal.reflect.DelegatingConstructorAccessorImpl.newInstance(DelegatingConstructorAccessorImpl.java:45)
at java.base/java.lang.reflect.Constructor.newInstanceWithCaller(Constructor.java:499)
at java.base/java.lang.reflect.Constructor.newInstance(Constructor.java:480)
at org.openqa.selenium.remote.codec.w3c.W3CHttpResponseCodec.createException(W3CHttpResponseCodec.java:200)
at org.openqa.selenium.remote.codec.w3c.W3CHttpResponseCodec.decode(W3CHttpResponseCodec.java:133)
at org.openqa.selenium.remote.codec.w3c.W3CHttpResponseCodec.decode(W3CHttpResponseCodec.java:53)
at org.openqa.selenium.remote.HttpCommandExecutor.execute(HttpCommandExecutor.java:193)
at org.openqa.selenium.remote.service.DriverCommandExecutor.invokeExecute(DriverCommandExecutor.java:183)
at org.openqa.selenium.remote.service.DriverCommandExecutor.execute(DriverCommandExecutor.java:158)
at org.openqa.selenium.remote.RemoteWebDriver.execute(RemoteWebDriver.java:543)
at org.openqa.selenium.remote.ElementLocation$ElementFinder$2.findElement(ElementLocation.java:162)
at org.openqa.selenium.remote.ElementLocation.findElement(ElementLocation.java:60)
at org.openqa.selenium.remote.RemoteWebDriver.findElement(RemoteWebDriver.java:352)
at org.openqa.selenium.remote.RemoteWebDriver.findElement(RemoteWebDriver.java:344)
at org.openqa.selenium.support.pagefactory.DefaultElementLocator.findElement(DefaultElementLocator.java:70)
at org.openqa.selenium.support.pagefactory.internal.LocatingElementHandler.invoke(LocatingElementHandler.java:39)
at jdk.proxy2/jdk.proxy2.$Proxy22.sendKeys(Unknown Source)
at com.Jarvis.Portfolio.Payment.enterupi(Payment.java:45)
at com.logintest.Testclass1.EnterUpiID(Testclass1.java:131)
at java.base/jdk.internal.reflect.NativeMethodAccessorImpl.invoke0(Native Method)
at java.base/jdk.internal.reflect.NativeMethodAccessorImpl.invoke(NativeMethodAccessorImpl.java:77)
at java.base/jdk.internal.reflect.DelegatingMethodAccessorImpl.invoke(DelegatingMethodAccessorImpl.java:43)
at java.base/java.lang.reflect.Method.invoke(Method.java:568)
at org.testng.internal.invokers.MethodInvocationHelper.invokeMethod(MethodInvocationHelper.java:139)
at org.testng.internal.invokers.TestInvoker.invokeMethod(TestInvoker.java:664)
at org.testng.internal.invokers.TestInvoker.invokeTestMethod(TestInvoker.java:227)
at org.testng.internal.invokers.MethodRunner.runInSequence(MethodRunner.java:50)
at org.testng.internal.invokers.TestInvoker$MethodInvocationAgent.invoke(TestInvoker.java:957)
at org.testng.internal.invokers.TestInvoker.invokeTestMethods(TestInvoker.java:200)
at org.testng.internal.invokers.TestMethodWorker.invokeTestMethods(TestMethodWorker.java:148)
at org.testng.internal.invokers.TestMethodWorker.run(TestMethodWorker.java:128)
at java.base/java.util.ArrayList.forEach(ArrayList.java:1511)
at org.testng.TestRunner.privateRun(TestRunner.java:848)
at org.testng.TestRunner.run(TestRunner.java:621)
at org.testng.SuiteRunner.runTest(SuiteRunner.java:443)
at org.testng.SuiteRunner.runSequentially(SuiteRunner.java:437)
at org.testng.SuiteRunner.privateRun(SuiteRunner.java:397)
at org.testng.SuiteRunner.run(SuiteRunner.java:336)
at org.testng.SuiteRunnerWorker.runSuite(SuiteRunnerWorker.java:52)
at org.testng.SuiteRunnerWorker.run(SuiteRunnerWorker.java:95)
at org.testng.TestNG.runSuitesSequentially(TestNG.java:1280)
at org.testng.TestNG.runSuitesLocally(TestNG.java:1200)
at org.testng.TestNG.runSuites(TestNG.java:1114)
at org.testng.TestNG.run(TestNG.java:1082)
at org.testng.remote.AbstractRemoteTestNG.run(AbstractRemoteTestNG.java:115)
at org.testng.remote.RemoteTestNG.initAndRun(RemoteTestNG.java:251)
at org.testng.remote.RemoteTestNG.main(RemoteTestNG.java:77)
]]>
            </full-stacktrace>
          </exception> <!-- org.openqa.selenium.NoSuchElementException -->
          <reporter-output>
          </reporter-output>
        </test-method> <!-- EnterUpiID -->
        <test-method is-config="true" signature="captureScreenshot(org.testng.ITestResult,java.lang.reflect.Method)[pri:0, instance:com.logintest.Testclass1@2b30a42c]" started-at="2023-09-07T17:47:15 IST" name="captureScreenshot" finished-at="2023-09-07T17:47:15 IST" duration-ms="263" status="PASS">
          <params>
            <param index="0">
              <value>
                <![CDATA[[TestResult name=EnterUpiID status=FAILURE method=Testclass1.EnterUpiID()[pri:21, instance:com.logintest.Testclass1@2b30a42c] output={null}]]]>
              </value>
            </param>
            <param index="1">
              <value>
                <![CDATA[public void com.logintest.Testclass1.EnterUpiID()]]>
              </value>
            </param>
          </params>
          <reporter-output>
          </reporter-output>
        </test-method> <!-- captureScreenshot -->
        <test-method signature="CLickonVerifyButton()[pri:22, instance:com.logintest.Testclass1@2b30a42c]" started-at="2023-09-07T17:47:15 IST" name="CLickonVerifyButton" finished-at="2023-09-07T17:47:26 IST" duration-ms="10085" status="FAIL">
          <exception class="org.openqa.selenium.NoSuchElementException">
            <message>
              <![CDATA[no such element: Unable to locate element: {"method":"xpath","selector":"//button[text()='Verify']"}
  (Session info: chrome=116.0.5845.142)
For documentation on this error, please visit: https://selenium.dev/exceptions/#no_such_element
Build info: version: '4.9.1', revision: 'eb2032df7f'
System info: os.name: 'Windows 10', os.arch: 'amd64', os.version: '10.0', java.version: '17.0.7'
Driver info: org.openqa.selenium.chrome.ChromeDriver
Command: [506f037a9fd4c7f47ba7e33eb206a96d, findElement {using=xpath, value=//button[text()='Verify']}]
[...]
        </test-method> <!-- captureScreenshot -->
        <test-method signature="ClickOnPayNow()[pri:26, instance:com.logintest.Testclass1@2b30a42c]" started-at="2023-09-07T17:47:57 IST" name="ClickOnPayNow" finished-at="2023-09-07T17:48:07 IST" duration-ms="10043" status="FAIL">
          <exception class="org.openqa.selenium.NoSuchElementException">
            <message>
              <![CDATA[no such element: Unable to locate element: {"method":"xpath","selector":"//button[text()='Pay Now']"}
  (Session info: chrome=116.0.5845.142)
For documentation on this error, please visit: https://selenium.dev/exceptions/#no_such_element
Build info: version: '4.9.1', revision: 'eb2032df7f'
System info: os.name: 'Windows 10', os.arch: 'amd64', os.version: '10.0', java.version: '17.0.7'
Driver info: org.openqa.selenium.chrome.ChromeDriver
Command: [506f037a9fd4c7f47ba7e33eb206a96d, findElement {using=xpath, value=//button[text()='Pay Now']}]
Capabilities {acceptInsecureCerts: false, browserName: chrome, browserVersion: 116.0.5845.142, chrome: {chromedriverVersion: 116.0.5845.96 (1a3918166880..., userDataDir: C:\Users\t\AppData\Local\Te...}, fedcm:accounts: true, goog:chromeOptions: {debuggerAddress: localhost:59326}, networkConnectionEnabled: false, pageLoadStrategy: normal, platformName: windows, proxy: Proxy(), se:cdp: ws://localhost:59326/devtoo..., se:cdpVersion: 116.0.5845.142, setWindowRect: true, strictFileInteractability: false, timeouts: {implicit: 0, pageLoad: 300000, script: 30000}, unhandledPromptBehavior: dismiss and notify, webauthn:extension:credBlob: true, webauthn:extension:largeBlob: true, webauthn:extension:minPinLength: true, webauthn:extension:prf: true, webauthn:virtualAuthenticators: true}
Session ID: 506f037a9fd4c7f47ba7e33eb206a96d]]>
            </message>
            <full-stacktrace>
              <![CDATA[org.openqa.selenium.NoSuchElementException: no such element: Unable to locate element: {"method":"xpath","selector":"//button[text()='Pay Now']"}
  (Session info: chrome=116.0.5845.142)
For documentation on this error, please visit: https://selenium.dev/exceptions/#no_such_element
Build info: version: '4.9.1', revision: 'eb2032df7f'
System info: os.name: 'Windows 10', os.arch: 'amd64', os.version: '10.0', java.version: '17.0.7'
Driver info: org.openqa.selenium.chrome.ChromeDriver
Command: [506f037a9fd4c7f47ba7e33eb206a96d, findElement {using=xpath, value=//button[text()='Pay Now']}]
Capabilities {acceptInsecureCerts: false, browserName: chrome, browserVersion: 116.0.5845.142, chrome: {chromedriverVersion: 116.0.5845.96 (1a3918166880..., userDataDir: C:\Users\t\AppData\Local\Te...}, fedcm:accounts: true, goog:chromeOptions: {debuggerAddress: localhost:59326}, networkConnectionEnabled: false, pageLoadStrategy: normal, platformName: windows, proxy: Proxy(), se:cdp: ws://localhost:59326/devtoo..., se:cdpVersion: 116.0.5845.142, setWindowRect: true, strictFileInteractability: false, timeouts: {implicit: 0, pageLoad: 300000, script: 30000}, unhandledPromptBehavior: dismiss and notify, webauthn:extension:credBlob: true, webauthn:extension:largeBlob: true, webauthn:extension:minPinLength: true, webauthn:extension:prf: true, webauthn:virtualAuthenticators: true}
Session ID: 506f037a9fd4c7f47ba7e33eb206a96d
at java.base/jdk.internal.reflect.NativeConstructorAccessorImpl.newInstance0(Native Method)
at java.base/jdk.internal.reflect.NativeConstructorAccessorImpl.newInstance(NativeConstructorAccessorImpl.java:77)
at java.base/jdk.internal.reflect.DelegatingConstructorAccessorImpl.newInstance(DelegatingConstructorAccessorImpl.java:45)
at java.base/java.lang.reflect.Constructor.newInstanceWithCaller(Constructor.java:499)
at java.base/java.lang.reflect.Constructor.newInstance(Constructor.java:480)
at org.openqa.selenium.remote.codec.w3c.W3CHttpResponseCodec.createException(W3CHttpResponseCodec.java:200)
at org.openqa.selenium.remote.codec.w3c.W3CHttpResponseCodec.decode(W3CHttpResponseCodec.java:133)
at org.openqa.selenium.remote.codec.w3c.W3CHttpResponseCodec.decode(W3CHttpResponseCodec.java:53)
at org.openqa.selenium.remote.HttpCommandExecutor.execute(HttpCommandExecutor.java:193)
at org.openqa.selenium.remote.service.DriverCommandExecutor.invokeExecute(DriverCommandExecutor.java:183)
at org.openqa.selenium.remote.service.DriverCommandExecutor.execute(DriverCommandExecutor.java:158)
at org.openqa.selenium.remote.RemoteWebDriver.execute(RemoteWebDriver.java:543)
at org.openqa.selenium.remote.ElementLocation$ElementFinder$2.findElement(ElementLocation.java:162)
at org.openqa.selenium.remote.ElementLocation.findElement(ElementLocation.java:60)
at org.openqa.selenium.remote.RemoteWebDriver.findElement(RemoteWebDriver.java:352)
at org.openqa.selenium.remote.RemoteWebDriver.findElement(RemoteWebDriver.java:344)
at org.openqa.selenium.support.pagefactory.DefaultElementLocator.findElement(DefaultElementLocator.java:70)
at org.openqa.selenium.support.pagefactory.internal.LocatingElementHandler.invoke(LocatingElementHandler.java:39)
at jdk.proxy2/jdk.proxy2.$Proxy22.click(Unknown Source)
at com.Jarvis.Portfolio.Payment.ClickOnPayNow(Payment.java:63)
at com.logintest.Testclass1.ClickOnPayNow(Testclass1.java:156)
at java.base/jdk.internal.reflect.NativeMethodAccessorImpl.invoke0(Native Method)
at java.base/jdk.internal.reflect.NativeMethodAccessorImpl.invoke(NativeMethodAccessorImpl.java:77)
at java.base/jdk.internal.reflect.DelegatingMethodAccessorImpl.invoke(DelegatingMethodAccessorImpl.java:43)
at java.base/java.lang.reflect.Method.invoke(Method.java:568)
at org.testng.internal.invokers.MethodInvocationHelper.invokeMethod(MethodInvocationHelper.java:139)
at org.testng.internal.invokers.TestInvoker.invokeMethod(TestInvoker.java:664)
at org.testng.internal.invokers.TestInvoker.invokeTestMethod(TestInvoker.java:227)
at org.testng.internal.invokers.MethodRunner.runInSequence(MethodRunner.java:50)
at org.testng.internal.invokers.TestInvoker$MethodInvocationAgent.invoke(TestInvoker.java:957)
at org.testng.internal.invokers.TestInvoker.invokeTestMethods(TestInvoker.java:200)
at org.testng.internal.invokers.TestMethodWorker.invokeTestMethods(TestMethodWorker.java:148)
at org.testng.internal.invokers.TestMethodWorker.run(TestMethodWorker.java:128)
at java.base/java.util.ArrayList.forEach(ArrayList.java:1511)
at org.testng.TestRunner.privateRun(TestRunner.java:848)
at org.testng.TestRunner.run(TestRunner.java:621)
at org.testng.SuiteRunner.runTest(SuiteRunner.java:443)
at org.testng.SuiteRunner.runSequentially(SuiteRunner.java:437)
at org.testng.SuiteRunner.privateRun(SuiteRunner.java:397)
at org.testng.SuiteRunner.run(SuiteRunner.java:336)
at org.testng.SuiteRunnerWorker.runSuite(SuiteRunnerWorker.java:52)
at org.testng.SuiteRunnerWorker.run(SuiteRunnerWorker.java:95)
at org.testng.TestNG.runSuitesSequentially(TestNG.java:1280)
at org.testng.TestNG.runSuitesLocally(TestNG.java:1200)
at org.testng.TestNG.runSuites(TestNG.java:1114)
at org.testng.TestNG.run(TestNG.java:1082)
at org.testng.remote.AbstractRemoteTestNG.run(AbstractRemoteTestNG.java:115)
at org.testng.remote.RemoteTestNG.initAndRun(RemoteTestNG.java:251)
at org.testng.remote.RemoteTestNG.main(RemoteTestNG.java:77)
]]>
            </full-stacktrace>
          </exception> <!-- org.openqa.selenium.NoSuchElementException -->
          <reporter-output>
          </reporter-output>
        </test-method> <!-- ClickOnPayNow -->
        <test-method is-config="true" signature="createExtentTest(org.testng.ITestResult,java.lang.reflect.Method)[pri:0, instance:com.logintest.Testclass1@2b30a42c]" started-at="2023-09-07T17:47:57 IST" name="createExtentTest" finished-at="2023-09-07T17:47:57 IST" duration-ms="0" status="PASS">
          <params>
            <param index="0">
              <value>
                <![CDATA[[TestResult name={null} status=CREATED method=Testclass1.ClickOnPayNow()[pri:26, instance:com.logintest.Testclass1@2b30a42c] output={null}]]]>
              </value>
            </param>
            <param index="1">
              <value>
                <![CDATA[public void com.logintest.Testclass1.ClickOnPayNow() throws java.lang.InterruptedException]]>
              </value>
            </param>
          </params>
          <reporter-output>
          </reporter-output>
        </test-method> <!-- createExtentTest -->
        <test-method is-config="true" signature="captureScreenshot(org.testng.ITestResult,java.lang.reflect.Method)[pri:0, instance:com.logintest.Testclass1@2b30a42c]" started-at="2023-09-07T17:48:07 IST" name="captureScreenshot" finished-at="2023-09-07T17:48:08 IST" duration-ms="359" status="PASS">
          <params>
            <param index="0">
              <value>
                <![CDATA[[TestResult name=ClickOnPayNow status=FAILURE method=Testclass1.ClickOnPayNow()[pri:26, instance:com.logintest.Testclass1@2b30a42c] output={null}]]]>
              </value>
            </param>
            <param index="1">
              <value>
                <![CDATA[public void com.logintest.Testclass1.ClickOnPayNow() throws java.lang.InterruptedException]]>
              </value>
            </param>
          </params>
          <reporter-output>
          </reporter-output>
        </test-method> <!-- captureScreenshot -->
        <test-method is-config="true" signature="createExtentTest(org.testng.ITestResult,java.lang.reflect.Method)[pri:0, instance:com.logintest.Testclass1@2b30a42c]" started-at="2023-09-07T17:48:08 IST" name="createExtentTest" finished-at="2023-09-07T17:48:08 IST" duration-ms="1" status="PASS">
          <params>
            <param index="0">
              <value>
                <![CDATA[[TestResult name={null} status=CREATED method=Testclass1.ClickonContinueButton()[pri:27, instance:com.logintest.Testclass1@2b30a42c] output={null}]]]>
              </value>
            </param>
            <param index="1">
              <value>
                <![CDATA[public void com.logintest.Testclass1.ClickonContinueButton() throws java.lang.InterruptedException]]>
              </value>
            </param>
          </params>
          <reporter-output>
          </reporter-output>
        </test-method> <!-- createExtentTest -->
        <test-method signature="ClickonContinueButton()[pri:27, instance:com.logintest.Testclass1@2b30a42c]" started-at="2023-09-07T17:48:08 IST" name="ClickonContinueButton" finished-at="2023-09-07T17:48:21 IST" duration-ms="13077" status="FAIL">
          <exception class="org.openqa.selenium.NoSuchElementException">
            <message>
              <![CDATA[no such element: Unable to locate element: {"method":"css selector","selector":"MuiButtonBase-root MuiButton-root MuiLoadingButton-root jss102 MuiButton-contained jss104 MuiButton-containedPrimary MuiButton-sizeMedium MuiButton-containedSizeMedium css-xxp22q"}
  (Session info: chrome=116.0.5845.142)
For documentation on this error, please visit: https://selenium.dev/exceptions/#no_such_element
Build info: version: '4.9.1', revision: 'eb2032df7f'
System info: os.name: 'Windows 10', os.arch: 'amd64', os.version: '10.0', java.version: '17.0.7'
Driver info: org.openqa.selenium.chrome.ChromeDriver
Command: [506f037a9fd4c7f47ba7e33eb206a96d, findElement {using=css selector, value=MuiButtonBase-root MuiButton-root MuiLoadingButton-root jss102 MuiButton-contained jss104 MuiButton-containedPrimary MuiButton-sizeMedium MuiButton-containedSizeMedium css-xxp22q}]
Capabilities {acceptInsecureCerts: false, browserName: chrome, browserVersion: 116.0.5845.142, chrome: {chromedriverVersion: 116.0.5845.96 (1a3918166880..., userDataDir: C:\Users\t\AppData\Local\Te...}, fedcm:accounts: true, goog:chromeOptions: {debuggerAddress: localhost:59326}, networkConnectionEnabled: false, pageLoadStrategy: normal, platformName: windows, proxy: Proxy(), se:cdp: ws://localhost:59326/devtoo..., se:cdpVersion: 116.0.5845.142, setWindowRect: true, strictFileInteractability: false, timeouts: {implicit: 0, pageLoad: 300000, script: 30000}, unhandledPromptBehavior: dismiss and notify, webauthn:extension:credBlob: true, webauthn:extension:largeBlob: true, webauthn:extension:minPinLength: true, webauthn:extension:prf: true, webauthn:virtualAuthenticators: true}
Session ID: 506f037a9fd4c7f47ba7e33eb206a96d]]>
            </message>
            <full-stacktrace>
              <![CDATA[org.openqa.selenium.NoSuchElementException: no such element: Unable to locate element: {"method":"css selector","selector":"MuiButtonBase-root MuiButton-root MuiLoadingButton-root jss102 MuiButton-contained jss104 MuiButton-containedPrimary MuiButton-sizeMedium MuiButton-containedSizeMedium css-xxp22q"}
  (Session info: chrome=116.0.5845.142)
For documentation on this error, please visit: https://selenium.dev/exceptions/#no_such_element
Build info: version: '4.9.1', revision: 'eb2032df7f'
System info: os.name: 'Windows 10', os.arch: 'amd64', os.version: '10.0', java.version: '17.0.7'
Driver info: org.openqa.selenium.chrome.ChromeDriver
Command: [506f037a9fd4c7f47ba7e33eb206a96d, findElement {using=css selector, value=MuiButtonBase-root MuiButton-root MuiLoadingButton-root jss102 MuiButton-contained jss104 MuiButton-containedPrimary MuiButton-sizeMedium MuiButton-containedSizeMedium css-xxp22q}]
Capabilities {acceptInsecureCerts: false, browserName: chrome, browserVersion: 116.0.5845.142, chrome: {chromedriverVersion: 116.0.5845.96 (1a3918166880..., userDataDir: C:\Users\t\AppData\Local\Te...}, fedcm:accounts: true, goog:chromeOptions: {debuggerAddress: localhost:59326}, networkConnectionEnabled: false, pageLoadStrategy: normal, platformName: windows, proxy: Proxy(), se:cdp: ws://localhost:59326/devtoo..., se:cdpVersion: 116.0.5845.142, setWindowRect: true, strictFileInteractability: false, timeouts: {implicit: 0, pageLoad: 300000, script: 30000}, unhandledPromptBehavior: dismiss and notify, webauthn:extension:credBlob: true, webauthn:extension:largeBlob: true, webauthn:extension:minPinLength: true, webauthn:extension:prf: true, webauthn:virtualAuthenticators: true}
Session ID: 506f037a9fd4c7f47ba7e33eb206a96d
at java.base/jdk.internal.reflect.NativeConstructorAccessorImpl.newInstance0(Native Method)
at java.base/jdk.internal.reflect.NativeConstructorAccessorImpl.newInstance(NativeConstructorAccessorImpl.java:77)
at java.base/jdk.internal.reflect.DelegatingConstructorAccessorImpl.newInstance(DelegatingConstructorAccessorImpl.java:45)
at java.base/java.lang.reflect.Constructor.newInstanceWithCaller(Constructor.java:499)
at java.base/java.lang.reflect.Constructor.newInstance(Constructor.java:480)
at org.openqa.selenium.remote.codec.w3c.W3CHttpResponseCodec.createException(W3CHttpResponseCodec.java:200)
at org.openqa.selenium.remote.codec.w3c.W3CHttpResponseCodec.decode(W3CHttpResponseCodec.java:133)
at org.openqa.selenium.remote.codec.w3c.W3CHttpResponseCodec.decode(W3CHttpResponseCodec.java:53)
at org.openqa.selenium.remote.HttpCommandExecutor.execute(HttpCommandExecutor.java:193)
at org.openqa.selenium.remote.service.DriverCommandExecutor.invokeExecute(DriverCommandExecutor.java:183)
at org.openqa.selenium.remote.service.DriverCommandExecutor.execute(DriverCommandExecutor.java:158)
at org.openqa.selenium.remote.RemoteWebDriver.execute(RemoteWebDriver.java:543)
at org.openqa.selenium.remote.ElementLocation$ElementFinder$2.findElement(ElementLocation.java:162)
at org.openqa.selenium.remote.ElementLocation.findElement(ElementLocation.java:60)
at org.openqa.selenium.remote.RemoteWebDriver.findElement(RemoteWebDriver.java:352)
at org.openqa.selenium.remote.RemoteWebDriver.findElement(RemoteWebDriver.java:344)
at org.openqa.selenium.support.pagefactory.DefaultElementLocator.findElement(DefaultElementLocator.java:70)
at org.openqa.selenium.support.pagefactory.internal.LocatingElementHandler.invoke(LocatingElementHandler.java:39)
at jdk.proxy2/jdk.proxy2.$Proxy22.getText(Unknown Source)
at com.Jarvis.Portfolio.Payment.ClickonContinueButton(Payment.java:71)
at com.logintest.Testclass1.ClickonContinueButton(Testclass1.java:165)
at java.base/jdk.internal.reflect.NativeMethodAccessorImpl.invoke0(Native Method)
at java.base/jdk.internal.reflect.NativeMethodAccessorImpl.invoke(NativeMethodAccessorImpl.java:77)
at java.base/jdk.internal.reflect.DelegatingMethodAccessorImpl.invoke(DelegatingMethodAccessorImpl.java:43)
at java.base/java.lang.reflect.Method.invoke(Method.java:568)
at org.testng.internal.invokers.MethodInvocationHelper.invokeMethod(MethodInvocationHelper.java:139)
at org.testng.internal.invokers.TestInvoker.invokeMethod(TestInvoker.java:664)
at org.testng.internal.invokers.TestInvoker.invokeTestMethod(TestInvoker.java:227)
at org.testng.internal.invokers.MethodRunner.runInSequence(MethodRunner.java:50)
at org.testng.internal.invokers.TestInvoker$MethodInvocationAgent.invoke(TestInvoker.java:957)
at org.testng.internal.invokers.TestInvoker.invokeTestMethods(TestInvoker.java:200)
at org.testng.internal.invokers.TestMethodWorker.invokeTestMethods(TestMethodWorker.java:148)
at org.testng.internal.invokers.TestMethodWorker.run(TestMethodWorker.java:128)
at java.base/java.util.ArrayList.forEach(ArrayList.java:1511)
at org.testng.TestRunner.privateRun(TestRunner.java:848)
at org.testng.TestRunner.run(TestRunner.java:621)
at org.testng.SuiteRunner.runTest(SuiteRunner.java:443)
at org.testng.SuiteRunner.runSequentially(SuiteRunner.java:437)
at org.testng.SuiteRunner.privateRun(SuiteRunner.java:397)
at org.testng.SuiteRunner.run(SuiteRunner.java:336)
at org.testng.SuiteRunnerWorker.runSuite(SuiteRunnerWorker.java:52)
at org.testng.SuiteRunnerWorker.run(SuiteRunnerWorker.java:95)
at org.testng.TestNG.runSuitesSequentially(TestNG.java:1280)
at org.testng.TestNG.runSuitesLocally(TestNG.java:1200)
at org.testng.TestNG.runSuites(TestNG.java:1114)
at org.testng.TestNG.run(TestNG.java:1082)
at org.testng.remote.AbstractRemoteTestNG.run(AbstractRemoteTestNG.java:115)
at org.testng.remote.RemoteTestNG.initAndRun(RemoteTestNG.java:251)
at org.testng.remote.RemoteTestNG.main(RemoteTestNG.java:77)
]]>
            </full-stacktrace>
          </exception> <!-- org.openqa.selenium.NoSuchElementException -->
          <reporter-output>
          </reporter-output>
        </test-method> <!-- ClickonContinueButton -->
        <test-method is-config="true" signature="captureScreenshot(org.testng.ITestResult,java.lang.reflect.Method)[pri:0, instance:com.logintest.Testclass1@2b30a42c]" started-at="2023-09-07T17:48:21 IST" name="captureScreenshot" finished-at="2023-09-07T17:48:21 IST" duration-ms="329" status="PASS">
          <params>
            <param index="0">
              <value>
                <![CDATA[[TestResult name=ClickonContinueButton status=FAILURE method=Testclass1.ClickonContinueButton()[pri:27, instance:com.logintest.Testclass1@2b30a42c] output={null}]]]>
              </value>
            </param>
            <param index="1">
              <value>
                <![CDATA[public void com.logintest.Testclass1.ClickonContinueButton() throws java.lang.InterruptedException]]>
              </value>
            </param>
          </params>
          <reporter-output>
          </reporter-output>
        </test-method> <!-- captureScreenshot -->
        <test-method is-config="true" signature="afterTest()[pri:0, instance:com.logintest.Testclass1@2b30a42c]" started-at="2023-09-07T17:48:21 IST" name="afterTest" finished-at="2023-09-07T17:48:22 IST" duration-ms="1209" status="PASS">
          <reporter-output>
          </reporter-output>
        </test-method> <!-- afterTest -->
        <test-method is-config="true" signature="teardown()[pri:0, instance:com.logintest.Testclass1@2b30a42c]" started-at="2023-09-07T17:48:23 IST" name="teardown" finished-at="2023-09-07T17:48:23 IST" duration-ms="0" status="PASS">
          <reporter-output>
          </reporter-output>
        </test-method> <!-- teardown -->
      </class> <!-- com.logintest.Testclass1 -->
    </test> <!-- Test -->
  </suite> <!-- Suite -->
</testng-results>
