<?xml version="1.0" encoding="UTF-8"?>
<testng-results ignored="0" total="10" passed="9" failed="1" skipped="0">
  <reporter-output>
  </reporter-output>
  <suite started-at="2023-08-24T17:20:40 IST" name="Suite" finished-at="2023-08-24T17:21:06 IST" duration-ms="25901">
    <groups>
    </groups>
    <test started-at="2023-08-24T17:20:40 IST" name="Test" finished-at="2023-08-24T17:21:06 IST" duration-ms="25901">
      <class name="com.logintest.Testclass1">
        <test-method is-config="true" signature="InitializeBrowser()[pri:0, instance:com.logintest.Testclass1@4d1c005e]" started-at="2023-08-24T17:20:34 IST" name="InitializeBrowser" finished-at="2023-08-24T17:20:40 IST" duration-ms="6077" status="PASS">
          <reporter-output>
          </reporter-output>
        </test-method> <!-- InitializeBrowser -->
        <test-method is-config="true" signature="beforeTest()[pri:0, instance:com.logintest.Testclass1@4d1c005e]" started-at="2023-08-24T17:20:40 IST" name="beforeTest" finished-at="2023-08-24T17:20:40 IST" duration-ms="465" status="PASS">
          <reporter-output>
          </reporter-output>
        </test-method> <!-- beforeTest -->
        <test-method is-config="true" signature="pageobjects()[pri:0, instance:com.logintest.Testclass1@4d1c005e]" started-at="2023-08-24T17:20:40 IST" name="pageobjects" finished-at="2023-08-24T17:20:40 IST" duration-ms="66" status="PASS">
          <reporter-output>
          </reporter-output>
        </test-method> <!-- pageobjects -->
        <test-method is-config="true" signature="createExtentTest(org.testng.ITestResult,java.lang.reflect.Method)[pri:0, instance:com.logintest.Testclass1@4d1c005e]" started-at="2023-08-24T17:20:40 IST" name="createExtentTest" finished-at="2023-08-24T17:20:40 IST" duration-ms="17" status="PASS">
          <params>
            <param index="0">
              <value>
                <![CDATA[[TestResult name={null} status=CREATED method=Testclass1.ClickonLoginwithPassword()[pri:1, instance:com.logintest.Testclass1@4d1c005e] output={null}]]]>
              </value>
            </param>
            <param index="1">
              <value>
                <![CDATA[public void com.logintest.Testclass1.ClickonLoginwithPassword() throws java.lang.InterruptedException]]>
              </value>
            </param>
          </params>
          <reporter-output>
          </reporter-output>
        </test-method> <!-- createExtentTest -->
        <test-method signature="ClickonLoginwithPassword()[pri:1, instance:com.logintest.Testclass1@4d1c005e]" started-at="2023-08-24T17:20:40 IST" name="ClickonLoginwithPassword" finished-at="2023-08-24T17:20:41 IST" duration-ms="153" status="PASS">
          <reporter-output>
          </reporter-output>
        </test-method> <!-- ClickonLoginwithPassword -->
        <test-method is-config="true" signature="captureScreenshot(org.testng.ITestResult,java.lang.reflect.Method)[pri:0, instance:com.logintest.Testclass1@4d1c005e]" started-at="2023-08-24T17:20:41 IST" name="captureScreenshot" finished-at="2023-08-24T17:20:41 IST" duration-ms="15" status="PASS">
          <params>
            <param index="0">
              <value>
                <![CDATA[[TestResult name=ClickonLoginwithPassword status=SUCCESS method=Testclass1.ClickonLoginwithPassword()[pri:1, instance:com.logintest.Testclass1@4d1c005e] output={null}]]]>
              </value>
            </param>
            <param index="1">
              <value>
                <![CDATA[public void com.logintest.Testclass1.ClickonLoginwithPassword() throws java.lang.InterruptedException]]>
              </value>
            </param>
          </params>
          <reporter-output>
          </reporter-output>
        </test-method> <!-- captureScreenshot -->
        <test-method signature="VerifyLoginFnctionality()[pri:2, instance:com.logintest.Testclass1@4d1c005e]" started-at="2023-08-24T17:20:41 IST" name="VerifyLoginFnctionality" finished-at="2023-08-24T17:20:47 IST" duration-ms="5981" status="PASS">
          <reporter-output>
          </reporter-output>
        </test-method> <!-- VerifyLoginFnctionality -->
        <test-method is-config="true" signature="createExtentTest(org.testng.ITestResult,java.lang.reflect.Method)[pri:0, instance:com.logintest.Testclass1@4d1c005e]" started-at="2023-08-24T17:20:41 IST" name="createExtentTest" finished-at="2023-08-24T17:20:41 IST" duration-ms="0" status="PASS">
          <params>
            <param index="0">
              <value>
                <![CDATA[[TestResult name={null} status=CREATED method=Testclass1.VerifyLoginFnctionality()[pri:2, instance:com.logintest.Testclass1@4d1c005e] output={null}]]]>
              </value>
            </param>
            <param index="1">
              <value>
                <![CDATA[public void com.logintest.Testclass1.VerifyLoginFnctionality() throws java.lang.InterruptedException,java.io.IOException]]>
              </value>
            </param>
          </params>
          <reporter-output>
          </reporter-output>
        </test-method> <!-- createExtentTest -->
        <test-method is-config="true" signature="captureScreenshot(org.testng.ITestResult,java.lang.reflect.Method)[pri:0, instance:com.logintest.Testclass1@4d1c005e]" started-at="2023-08-24T17:20:47 IST" name="captureScreenshot" finished-at="2023-08-24T17:20:47 IST" duration-ms="12" status="PASS">
          <params>
            <param index="0">
              <value>
                <![CDATA[[TestResult name=VerifyLoginFnctionality status=SUCCESS method=Testclass1.VerifyLoginFnctionality()[pri:2, instance:com.logintest.Testclass1@4d1c005e] output={null}]]]>
              </value>
            </param>
            <param index="1">
              <value>
                <![CDATA[public void com.logintest.Testclass1.VerifyLoginFnctionality() throws java.lang.InterruptedException,java.io.IOException]]>
              </value>
            </param>
          </params>
          <reporter-output>
          </reporter-output>
        </test-method> <!-- captureScreenshot -->
        <test-method is-config="true" signature="createExtentTest(org.testng.ITestResult,java.lang.reflect.Method)[pri:0, instance:com.logintest.Testclass1@4d1c005e]" started-at="2023-08-24T17:20:47 IST" name="createExtentTest" finished-at="2023-08-24T17:20:47 IST" duration-ms="4" status="PASS">
          <params>
            <param index="0">
              <value>
                <![CDATA[[TestResult name={null} status=CREATED method=Testclass1.Clickonboarding()[pri:3, instance:com.logintest.Testclass1@4d1c005e] output={null}]]]>
              </value>
            </param>
            <param index="1">
              <value>
                <![CDATA[public void com.logintest.Testclass1.Clickonboarding()]]>
              </value>
            </param>
          </params>
          <reporter-output>
          </reporter-output>
        </test-method> <!-- createExtentTest -->
        <test-method signature="Clickonboarding()[pri:3, instance:com.logintest.Testclass1@4d1c005e]" started-at="2023-08-24T17:20:47 IST" name="Clickonboarding" finished-at="2023-08-24T17:20:49 IST" duration-ms="2773" status="PASS">
          <reporter-output>
          </reporter-output>
        </test-method> <!-- Clickonboarding -->
        <test-method is-config="true" signature="captureScreenshot(org.testng.ITestResult,java.lang.reflect.Method)[pri:0, instance:com.logintest.Testclass1@4d1c005e]" started-at="2023-08-24T17:20:49 IST" name="captureScreenshot" finished-at="2023-08-24T17:20:49 IST" duration-ms="1" status="PASS">
          <params>
            <param index="0">
              <value>
                <![CDATA[[TestResult name=Clickonboarding status=SUCCESS method=Testclass1.Clickonboarding()[pri:3, instance:com.logintest.Testclass1@4d1c005e] output={null}]]]>
              </value>
            </param>
            <param index="1">
              <value>
                <![CDATA[public void com.logintest.Testclass1.Clickonboarding()]]>
              </value>
            </param>
          </params>
          <reporter-output>
          </reporter-output>
        </test-method> <!-- captureScreenshot -->
        <test-method is-config="true" signature="createExtentTest(org.testng.ITestResult,java.lang.reflect.Method)[pri:0, instance:com.logintest.Testclass1@4d1c005e]" started-at="2023-08-24T17:20:49 IST" name="createExtentTest" finished-at="2023-08-24T17:20:49 IST" duration-ms="3" status="PASS">
          <params>
            <param index="0">
              <value>
                <![CDATA[[TestResult name={null} status=CREATED method=Testclass1.UnlockPortfolioButton()[pri:4, instance:com.logintest.Testclass1@4d1c005e] output={null}]]]>
              </value>
            </param>
            <param index="1">
              <value>
                <![CDATA[public void com.logintest.Testclass1.UnlockPortfolioButton()]]>
              </value>
            </param>
          </params>
          <reporter-output>
          </reporter-output>
        </test-method> <!-- createExtentTest -->
        <test-method signature="UnlockPortfolioButton()[pri:4, instance:com.logintest.Testclass1@4d1c005e]" started-at="2023-08-24T17:20:49 IST" name="UnlockPortfolioButton" finished-at="2023-08-24T17:20:50 IST" duration-ms="650" status="PASS">
          <reporter-output>
          </reporter-output>
        </test-method> <!-- UnlockPortfolioButton -->
        <test-method is-config="true" signature="captureScreenshot(org.testng.ITestResult,java.lang.reflect.Method)[pri:0, instance:com.logintest.Testclass1@4d1c005e]" started-at="2023-08-24T17:20:50 IST" name="captureScreenshot" finished-at="2023-08-24T17:20:50 IST" duration-ms="1" status="PASS">
          <params>
            <param index="0">
              <value>
                <![CDATA[[TestResult name=UnlockPortfolioButton status=SUCCESS method=Testclass1.UnlockPortfolioButton()[pri:4, instance:com.logintest.Testclass1@4d1c005e] output={null}]]]>
              </value>
            </param>
            <param index="1">
              <value>
                <![CDATA[public void com.logintest.Testclass1.UnlockPortfolioButton()]]>
              </value>
            </param>
          </params>
          <reporter-output>
          </reporter-output>
        </test-method> <!-- captureScreenshot -->
        <test-method signature="ClickOnPayNowButton()[pri:5, instance:com.logintest.Testclass1@4d1c005e]" started-at="2023-08-24T17:20:50 IST" name="ClickOnPayNowButton" finished-at="2023-08-24T17:20:50 IST" duration-ms="187" status="PASS">
          <reporter-output>
          </reporter-output>
        </test-method> <!-- ClickOnPayNowButton -->
        <test-method is-config="true" signature="createExtentTest(org.testng.ITestResult,java.lang.reflect.Method)[pri:0, instance:com.logintest.Testclass1@4d1c005e]" started-at="2023-08-24T17:20:50 IST" name="createExtentTest" finished-at="2023-08-24T17:20:50 IST" duration-ms="0" status="PASS">
          <params>
            <param index="0">
              <value>
                <![CDATA[[TestResult name={null} status=CREATED method=Testclass1.ClickOnPayNowButton()[pri:5, instance:com.logintest.Testclass1@4d1c005e] output={null}]]]>
              </value>
            </param>
            <param index="1">
              <value>
                <![CDATA[public void com.logintest.Testclass1.ClickOnPayNowButton()]]>
              </value>
            </param>
          </params>
          <reporter-output>
          </reporter-output>
        </test-method> <!-- createExtentTest -->
        <test-method is-config="true" signature="captureScreenshot(org.testng.ITestResult,java.lang.reflect.Method)[pri:0, instance:com.logintest.Testclass1@4d1c005e]" started-at="2023-08-24T17:20:50 IST" name="captureScreenshot" finished-at="2023-08-24T17:20:50 IST" duration-ms="1" status="PASS">
          <params>
            <param index="0">
              <value>
                <![CDATA[[TestResult name=ClickOnPayNowButton status=SUCCESS method=Testclass1.ClickOnPayNowButton()[pri:5, instance:com.logintest.Testclass1@4d1c005e] output={null}]]]>
              </value>
            </param>
            <param index="1">
              <value>
                <![CDATA[public void com.logintest.Testclass1.ClickOnPayNowButton()]]>
              </value>
            </param>
          </params>
          <reporter-output>
          </reporter-output>
        </test-method> <!-- captureScreenshot -->
        <test-method signature="ClickOnIAgreeButton()[pri:6, instance:com.logintest.Testclass1@4d1c005e]" started-at="2023-08-24T17:20:50 IST" name="ClickOnIAgreeButton" finished-at="2023-08-24T17:20:50 IST" duration-ms="152" status="PASS">
          <reporter-output>
          </reporter-output>
        </test-method> <!-- ClickOnIAgreeButton -->
        <test-method is-config="true" signature="createExtentTest(org.testng.ITestResult,java.lang.reflect.Method)[pri:0, instance:com.logintest.Testclass1@4d1c005e]" started-at="2023-08-24T17:20:50 IST" name="createExtentTest" finished-at="2023-08-24T17:20:50 IST" duration-ms="0" status="PASS">
          <params>
            <param index="0">
              <value>
                <![CDATA[[TestResult name={null} status=CREATED method=Testclass1.ClickOnIAgreeButton()[pri:6, instance:com.logintest.Testclass1@4d1c005e] output={null}]]]>
              </value>
            </param>
            <param index="1">
              <value>
                <![CDATA[public void com.logintest.Testclass1.ClickOnIAgreeButton()]]>
              </value>
            </param>
          </params>
          <reporter-output>
          </reporter-output>
        </test-method> <!-- createExtentTest -->
        <test-method is-config="true" signature="captureScreenshot(org.testng.ITestResult,java.lang.reflect.Method)[pri:0, instance:com.logintest.Testclass1@4d1c005e]" started-at="2023-08-24T17:20:50 IST" name="captureScreenshot" finished-at="2023-08-24T17:20:50 IST" duration-ms="3" status="PASS">
          <params>
            <param index="0">
              <value>
                <![CDATA[[TestResult name=ClickOnIAgreeButton status=SUCCESS method=Testclass1.ClickOnIAgreeButton()[pri:6, instance:com.logintest.Testclass1@4d1c005e] output={null}]]]>
              </value>
            </param>
            <param index="1">
              <value>
                <![CDATA[public void com.logintest.Testclass1.ClickOnIAgreeButton()]]>
              </value>
            </param>
          </params>
          <reporter-output>
          </reporter-output>
        </test-method> <!-- captureScreenshot -->
        <test-method signature="selectpaymentmethod()[pri:7, instance:com.logintest.Testclass1@4d1c005e]" started-at="2023-08-24T17:20:50 IST" name="selectpaymentmethod" finished-at="2023-08-24T17:20:50 IST" duration-ms="104" status="PASS">
          <reporter-output>
          </reporter-output>
        </test-method> <!-- selectpaymentmethod -->
        <test-method is-config="true" signature="createExtentTest(org.testng.ITestResult,java.lang.reflect.Method)[pri:0, instance:com.logintest.Testclass1@4d1c005e]" started-at="2023-08-24T17:20:50 IST" name="createExtentTest" finished-at="2023-08-24T17:20:50 IST" duration-ms="0" status="PASS">
          <params>
            <param index="0">
              <value>
                <![CDATA[[TestResult name={null} status=CREATED method=Testclass1.selectpaymentmethod()[pri:7, instance:com.logintest.Testclass1@4d1c005e] output={null}]]]>
              </value>
            </param>
            <param index="1">
              <value>
                <![CDATA[public void com.logintest.Testclass1.selectpaymentmethod()]]>
              </value>
            </param>
          </params>
          <reporter-output>
          </reporter-output>
        </test-method> <!-- createExtentTest -->
        <test-method is-config="true" signature="captureScreenshot(org.testng.ITestResult,java.lang.reflect.Method)[pri:0, instance:com.logintest.Testclass1@4d1c005e]" started-at="2023-08-24T17:20:50 IST" name="captureScreenshot" finished-at="2023-08-24T17:20:50 IST" duration-ms="4" status="PASS">
          <params>
            <param index="0">
              <value>
                <![CDATA[[TestResult name=selectpaymentmethod status=SUCCESS method=Testclass1.selectpaymentmethod()[pri:7, instance:com.logintest.Testclass1@4d1c005e] output={null}]]]>
              </value>
            </param>
            <param index="1">
              <value>
                <![CDATA[public void com.logintest.Testclass1.selectpaymentmethod()]]>
              </value>
            </param>
          </params>
          <reporter-output>
          </reporter-output>
        </test-method> <!-- captureScreenshot -->
        <test-method is-config="true" signature="createExtentTest(org.testng.ITestResult,java.lang.reflect.Method)[pri:0, instance:com.logintest.Testclass1@4d1c005e]" started-at="2023-08-24T17:20:50 IST" name="createExtentTest" finished-at="2023-08-24T17:20:50 IST" duration-ms="1" status="PASS">
          <params>
            <param index="0">
              <value>
                <![CDATA[[TestResult name={null} status=CREATED method=Testclass1.EnterUpiID()[pri:8, instance:com.logintest.Testclass1@4d1c005e] output={null}]]]>
              </value>
            </param>
            <param index="1">
              <value>
                <![CDATA[public void com.logintest.Testclass1.EnterUpiID()]]>
              </value>
            </param>
          </params>
          <reporter-output>
          </reporter-output>
        </test-method> <!-- createExtentTest -->
        <test-method signature="EnterUpiID()[pri:8, instance:com.logintest.Testclass1@4d1c005e]" started-at="2023-08-24T17:20:50 IST" name="EnterUpiID" finished-at="2023-08-24T17:20:51 IST" duration-ms="193" status="PASS">
          <reporter-output>
          </reporter-output>
        </test-method> <!-- EnterUpiID -->
        <test-method is-config="true" signature="captureScreenshot(org.testng.ITestResult,java.lang.reflect.Method)[pri:0, instance:com.logintest.Testclass1@4d1c005e]" started-at="2023-08-24T17:20:51 IST" name="captureScreenshot" finished-at="2023-08-24T17:20:51 IST" duration-ms="1" status="PASS">
          <params>
            <param index="0">
              <value>
                <![CDATA[[TestResult name=EnterUpiID status=SUCCESS method=Testclass1.EnterUpiID()[pri:8, instance:com.logintest.Testclass1@4d1c005e] output={null}]]]>
              </value>
            </param>
            <param index="1">
              <value>
                <![CDATA[public void com.logintest.Testclass1.EnterUpiID()]]>
              </value>
            </param>
          </params>
          <reporter-output>
          </reporter-output>
        </test-method> <!-- captureScreenshot -->
        <test-method signature="CLickonVerifyButton()[pri:9, instance:com.logintest.Testclass1@4d1c005e]" started-at="2023-08-24T17:20:51 IST" name="CLickonVerifyButton" finished-at="2023-08-24T17:20:54 IST" duration-ms="3110" status="PASS">
          <reporter-output>
          </reporter-output>
        </test-method> <!-- CLickonVerifyButton -->
        <test-method is-config="true" signature="createExtentTest(org.testng.ITestResult,java.lang.reflect.Method)[pri:0, instance:com.logintest.Testclass1@4d1c005e]" started-at="2023-08-24T17:20:51 IST" name="createExtentTest" finished-at="2023-08-24T17:20:51 IST" duration-ms="0" status="PASS">
          <params>
            <param index="0">
              <value>
                <![CDATA[[TestResult name={null} status=CREATED method=Testclass1.CLickonVerifyButton()[pri:9, instance:com.logintest.Testclass1@4d1c005e] output={null}]]]>
              </value>
            </param>
            <param index="1">
              <value>
                <![CDATA[public void com.logintest.Testclass1.CLickonVerifyButton() throws java.lang.InterruptedException]]>
              </value>
            </param>
          </params>
          <reporter-output>
          </reporter-output>
        </test-method> <!-- createExtentTest -->
        <test-method is-config="true" signature="captureScreenshot(org.testng.ITestResult,java.lang.reflect.Method)[pri:0, instance:com.logintest.Testclass1@4d1c005e]" started-at="2023-08-24T17:20:54 IST" name="captureScreenshot" finished-at="2023-08-24T17:20:54 IST" duration-ms="3" status="PASS">
          <params>
            <param index="0">
              <value>
                <![CDATA[[TestResult name=CLickonVerifyButton status=SUCCESS method=Testclass1.CLickonVerifyButton()[pri:9, instance:com.logintest.Testclass1@4d1c005e] output={null}]]]>
              </value>
            </param>
            <param index="1">
              <value>
                <![CDATA[public void com.logintest.Testclass1.CLickonVerifyButton() throws java.lang.InterruptedException]]>
              </value>
            </param>
          </params>
          <reporter-output>
          </reporter-output>
        </test-method> <!-- captureScreenshot -->
        <test-method is-config="true" signature="createExtentTest(org.testng.ITestResult,java.lang.reflect.Method)[pri:0, instance:com.logintest.Testclass1@4d1c005e]" started-at="2023-08-24T17:20:54 IST" name="createExtentTest" finished-at="2023-08-24T17:20:54 IST" duration-ms="2" status="PASS">
          <params>
            <param index="0">
              <value>
                <![CDATA[[TestResult name={null} status=CREATED method=Testclass1.ClickonPaynowButton()[pri:10, instance:com.logintest.Testclass1@4d1c005e] output={null}]]]>
              </value>
            </param>
            <param index="1">
              <value>
                <![CDATA[public void com.logintest.Testclass1.ClickonPaynowButton()]]>
              </value>
            </param>
          </params>
          <reporter-output>
          </reporter-output>
        </test-method> <!-- createExtentTest -->
        <test-method signature="ClickonPaynowButton()[pri:10, instance:com.logintest.Testclass1@4d1c005e]" started-at="2023-08-24T17:20:54 IST" name="ClickonPaynowButton" finished-at="2023-08-24T17:21:04 IST" duration-ms="10183" status="FAIL">
          <exception class="org.openqa.selenium.ElementNotInteractableException">
            <message>
              <![CDATA[element not interactable
  (Session info: chrome=116.0.5845.98)
Build info: version: '4.9.1', revision: 'eb2032df7f'
System info: os.name: 'Windows 10', os.arch: 'amd64', os.version: '10.0', java.version: '17.0.7'
Driver info: org.openqa.selenium.chrome.ChromeDriver
Command: [aa702b8a957413dc057e3eae2c05b80b, clickElement {id=62505F30805342B520830118E96C3E96_element_101}]
Capabilities {acceptInsecureCerts: false, browserName: chrome, browserVersion: 116.0.5845.98, chrome: {chromedriverVersion: 116.0.5845.96 (1a3918166880..., userDataDir: C:\Users\t\AppData\Local\Te...}, fedcm:accounts: true, goog:chromeOptions: {debuggerAddress: localhost:53224}, networkConnectionEnabled: false, pageLoadStrategy: normal, platformName: windows, proxy: Proxy(), se:cdp: ws://localhost:53224/devtoo..., se:cdpVersion: 116.0.5845.98, setWindowRect: true, strictFileInteractability: false, timeouts: {implicit: 0, pageLoad: 300000, script: 30000}, unhandledPromptBehavior: dismiss and notify, webauthn:extension:credBlob: true, webauthn:extension:largeBlob: true, webauthn:extension:minPinLength: true, webauthn:extension:prf: true, webauthn:virtualAuthenticators: true}
Element: [[ChromeDriver: chrome on windows (aa702b8a957413dc057e3eae2c05b80b)] -> xpath: (//button[text()='Pay '])[2]]
Session ID: aa702b8a957413dc057e3eae2c05b80b]]>
            </message>
            <full-stacktrace>
              <![CDATA[org.openqa.selenium.ElementNotInteractableException: element not interactable
  (Session info: chrome=116.0.5845.98)
Build info: version: '4.9.1', revision: 'eb2032df7f'
System info: os.name: 'Windows 10', os.arch: 'amd64', os.version: '10.0', java.version: '17.0.7'
Driver info: org.openqa.selenium.chrome.ChromeDriver
Command: [aa702b8a957413dc057e3eae2c05b80b, clickElement {id=62505F30805342B520830118E96C3E96_element_101}]
Capabilities {acceptInsecureCerts: false, browserName: chrome, browserVersion: 116.0.5845.98, chrome: {chromedriverVersion: 116.0.5845.96 (1a3918166880..., userDataDir: C:\Users\t\AppData\Local\Te...}, fedcm:accounts: true, goog:chromeOptions: {debuggerAddress: localhost:53224}, networkConnectionEnabled: false, pageLoadStrategy: normal, platformName: windows, proxy: Proxy(), se:cdp: ws://localhost:53224/devtoo..., se:cdpVersion: 116.0.5845.98, setWindowRect: true, strictFileInteractability: false, timeouts: {implicit: 0, pageLoad: 300000, script: 30000}, unhandledPromptBehavior: dismiss and notify, webauthn:extension:credBlob: true, webauthn:extension:largeBlob: true, webauthn:extension:minPinLength: true, webauthn:extension:prf: true, webauthn:virtualAuthenticators: true}
Element: [[ChromeDriver: chrome on windows (aa702b8a957413dc057e3eae2c05b80b)] -> xpath: (//button[text()='Pay '])[2]]
Session ID: aa702b8a957413dc057e3eae2c05b80b
at java.base/jdk.internal.reflect.NativeConstructorAccessorImpl.newInstance0(Native Method)
at java.base/jdk.internal.reflect.NativeConstructorAccessorImpl.newInstance(NativeConstructorAccessorImpl.java:77)
at java.base/jdk.internal.reflect.DelegatingConstructorAccessorImpl.newInstance(DelegatingConstructorAccessorImpl.java:45)
at java.base/java.lang.reflect.Constructor.newInstanceWithCaller(Constructor.java:499)
at java.base/java.lang.reflect.Constructor.newInstance(Constructor.java:480)
at org.openqa.selenium.remote.codec.w3c.W3CHttpResponseCodec.createException(W3CHttpResponseCodec.java:200)
at org.openqa.selenium.remote.codec.w3c.W3CHttpResponseCodec.decode(W3CHttpResponseCodec.java:133)
at org.openqa.selenium.remote.codec.w3c.W3CHttpResponseCodec.decode(W3CHttpResponseCodec.java:53)
at org.openqa.selenium.remote.HttpCommandExecutor.execute(HttpCommandExecutor.java:193)
at org.openqa.selenium.remote.service.DriverCommandExecutor.invokeExecute(DriverCommandExecutor.java:183)
at org.openqa.selenium.remote.service.DriverCommandExecutor.execute(DriverCommandExecutor.java:158)
at org.openqa.selenium.remote.RemoteWebDriver.execute(RemoteWebDriver.java:543)
at org.openqa.selenium.remote.RemoteWebElement.execute(RemoteWebElement.java:257)
at org.openqa.selenium.remote.RemoteWebElement.click(RemoteWebElement.java:78)
at java.base/jdk.internal.reflect.NativeMethodAccessorImpl.invoke0(Native Method)
at java.base/jdk.internal.reflect.NativeMethodAccessorImpl.invoke(NativeMethodAccessorImpl.java:77)
at java.base/jdk.internal.reflect.DelegatingMethodAccessorImpl.invoke(DelegatingMethodAccessorImpl.java:43)
at java.base/java.lang.reflect.Method.invoke(Method.java:568)
at org.openqa.selenium.support.pagefactory.internal.LocatingElementHandler.invoke(LocatingElementHandler.java:52)
at jdk.proxy2/jdk.proxy2.$Proxy22.click(Unknown Source)
at com.Jarvis.Portfolio.Payment.clickonpaynow(Payment.java:43)
at com.logintest.Testclass1.ClickonPaynowButton(Testclass1.java:142)
at java.base/jdk.internal.reflect.NativeMethodAccessorImpl.invoke0(Native Method)
at java.base/jdk.internal.reflect.NativeMethodAccessorImpl.invoke(NativeMethodAccessorImpl.java:77)
at java.base/jdk.internal.reflect.DelegatingMethodAccessorImpl.invoke(DelegatingMethodAccessorImpl.java:43)
at java.base/java.lang.reflect.Method.invoke(Method.java:568)
at org.testng.internal.invokers.MethodInvocationHelper.invokeMethod(MethodInvocationHelper.java:139)
at org.testng.internal.invokers.TestInvoker.invokeMethod(TestInvoker.java:664)
at org.testng.internal.invokers.TestInvoker.invokeTestMethod(TestInvoker.java:227)
at org.testng.internal.invokers.MethodRunner.runInSequence(MethodRunner.java:50)
at org.testng.internal.invokers.TestInvoker$MethodInvocationAgent.invoke(TestInvoker.java:957)
at org.testng.internal.invokers.TestInvoker.invokeTestMethods(TestInvoker.java:200)
at org.testng.internal.invokers.TestMethodWorker.invokeTestMethods(TestMethodWorker.java:148)
at org.testng.internal.invokers.TestMethodWorker.run(TestMethodWorker.java:128)
at java.base/java.util.ArrayList.forEach(ArrayList.java:1511)
at org.testng.TestRunner.privateRun(TestRunner.java:848)
at org.testng.TestRunner.run(TestRunner.java:621)
at org.testng.SuiteRunner.runTest(SuiteRunner.java:443)
at org.testng.SuiteRunner.runSequentially(SuiteRunner.java:437)
at org.testng.SuiteRunner.privateRun(SuiteRunner.java:397)
at org.testng.SuiteRunner.run(SuiteRunner.java:336)
at org.testng.SuiteRunnerWorker.runSuite(SuiteRunnerWorker.java:52)
at org.testng.SuiteRunnerWorker.run(SuiteRunnerWorker.java:95)
at org.testng.TestNG.runSuitesSequentially(TestNG.java:1280)
at org.testng.TestNG.runSuitesLocally(TestNG.java:1200)
at org.testng.TestNG.runSuites(TestNG.java:1114)
at org.testng.TestNG.run(TestNG.java:1082)
at org.testng.remote.AbstractRemoteTestNG.run(AbstractRemoteTestNG.java:115)
at org.testng.remote.RemoteTestNG.initAndRun(RemoteTestNG.java:251)
at org.testng.remote.RemoteTestNG.main(RemoteTestNG.java:77)
]]>
            </full-stacktrace>
          </exception> <!-- org.openqa.selenium.ElementNotInteractableException -->
          <reporter-output>
          </reporter-output>
        </test-method> <!-- ClickonPaynowButton -->
        <test-method is-config="true" signature="captureScreenshot(org.testng.ITestResult,java.lang.reflect.Method)[pri:0, instance:com.logintest.Testclass1@4d1c005e]" started-at="2023-08-24T17:21:04 IST" name="captureScreenshot" finished-at="2023-08-24T17:21:04 IST" duration-ms="241" status="PASS">
          <params>
            <param index="0">
              <value>
                <![CDATA[[TestResult name=ClickonPaynowButton status=FAILURE method=Testclass1.ClickonPaynowButton()[pri:10, instance:com.logintest.Testclass1@4d1c005e] output={null}]]]>
              </value>
            </param>
            <param index="1">
              <value>
                <![CDATA[public void com.logintest.Testclass1.ClickonPaynowButton()]]>
              </value>
            </param>
          </params>
          <reporter-output>
          </reporter-output>
        </test-method> <!-- captureScreenshot -->
        <test-method is-config="true" signature="afterTest()[pri:0, instance:com.logintest.Testclass1@4d1c005e]" started-at="2023-08-24T17:21:04 IST" name="afterTest" finished-at="2023-08-24T17:21:06 IST" duration-ms="1388" status="PASS">
          <reporter-output>
          </reporter-output>
        </test-method> <!-- afterTest -->
        <test-method is-config="true" signature="teardown()[pri:0, instance:com.logintest.Testclass1@4d1c005e]" started-at="2023-08-24T17:21:06 IST" name="teardown" finished-at="2023-08-24T17:21:06 IST" duration-ms="1" status="PASS">
          <reporter-output>
          </reporter-output>
        </test-method> <!-- teardown -->
      </class> <!-- com.logintest.Testclass1 -->
    </test> <!-- Test -->
  </suite> <!-- Suite -->
</testng-results>
