<?xml version="1.0" encoding="UTF-8"?>
<testng-results ignored="0" total="4" passed="4" failed="0" skipped="0">
  <reporter-output>
  </reporter-output>
  <suite started-at="2023-09-15T13:13:00 IST" name="Suite" finished-at="2023-09-15T13:13:31 IST" duration-ms="31379">
    <groups>
    </groups>
    <test started-at="2023-09-15T13:13:00 IST" name="Test" finished-at="2023-09-15T13:13:31 IST" duration-ms="31379">
      <class name="com.logintest.Testclass3_Onboardingcompleted">
        <test-method is-config="true" signature="InitializeBrowser()[pri:0, instance:com.logintest.Testclass3_Onboardingcompleted@231f98ef]" started-at="2023-09-15T13:12:54 IST" name="InitializeBrowser" finished-at="2023-09-15T13:13:00 IST" duration-ms="6026" status="PASS">
          <reporter-output>
          </reporter-output>
        </test-method> <!-- InitializeBrowser -->
        <test-method is-config="true" signature="beforeTest()[pri:0, instance:com.logintest.Testclass3_Onboardingcompleted@231f98ef]" started-at="2023-09-15T13:13:00 IST" name="beforeTest" finished-at="2023-09-15T13:13:00 IST" duration-ms="559" status="PASS">
          <reporter-output>
          </reporter-output>
        </test-method> <!-- beforeTest -->
        <test-method is-config="true" signature="pageobjects()[pri:0, instance:com.logintest.Testclass3_Onboardingcompleted@231f98ef]" started-at="2023-09-15T13:13:00 IST" name="pageobjects" finished-at="2023-09-15T13:13:00 IST" duration-ms="74" status="PASS">
          <reporter-output>
          </reporter-output>
        </test-method> <!-- pageobjects -->
        <test-method is-config="true" signature="createExtentTest(org.testng.ITestResult,java.lang.reflect.Method)[pri:0, instance:com.logintest.Testclass3_Onboardingcompleted@231f98ef]" started-at="2023-09-15T13:13:00 IST" name="createExtentTest" finished-at="2023-09-15T13:13:00 IST" duration-ms="18" status="PASS">
          <params>
            <param index="0">
              <value>
                <![CDATA[[TestResult name={null} status=CREATED method=Testclass3_Onboardingcompleted.ClickonLoginwithPassword()[pri:1, instance:com.logintest.Testclass3_Onboardingcompleted@231f98ef] output={null}]]]>
              </value>
            </param>
            <param index="1">
              <value>
                <![CDATA[public void com.logintest.Testclass3_Onboardingcompleted.ClickonLoginwithPassword() throws java.lang.InterruptedException]]>
              </value>
            </param>
          </params>
          <reporter-output>
          </reporter-output>
        </test-method> <!-- createExtentTest -->
        <test-method signature="ClickonLoginwithPassword()[pri:1, instance:com.logintest.Testclass3_Onboardingcompleted@231f98ef]" started-at="2023-09-15T13:13:00 IST" name="ClickonLoginwithPassword" finished-at="2023-09-15T13:13:01 IST" duration-ms="255" status="PASS">
          <reporter-output>
          </reporter-output>
        </test-method> <!-- ClickonLoginwithPassword -->
        <test-method is-config="true" signature="captureScreenshot(org.testng.ITestResult,java.lang.reflect.Method)[pri:0, instance:com.logintest.Testclass3_Onboardingcompleted@231f98ef]" started-at="2023-09-15T13:13:01 IST" name="captureScreenshot" finished-at="2023-09-15T13:13:01 IST" duration-ms="17" status="PASS">
          <params>
            <param index="0">
              <value>
                <![CDATA[[TestResult name=ClickonLoginwithPassword status=SUCCESS method=Testclass3_Onboardingcompleted.ClickonLoginwithPassword()[pri:1, instance:com.logintest.Testclass3_Onboardingcompleted@231f98ef] output={null}]]]>
              </value>
            </param>
            <param index="1">
              <value>
                <![CDATA[public void com.logintest.Testclass3_Onboardingcompleted.ClickonLoginwithPassword() throws java.lang.InterruptedException]]>
              </value>
            </param>
          </params>
          <reporter-output>
          </reporter-output>
        </test-method> <!-- captureScreenshot -->
        <test-method is-config="true" signature="createExtentTest(org.testng.ITestResult,java.lang.reflect.Method)[pri:0, instance:com.logintest.Testclass3_Onboardingcompleted@231f98ef]" started-at="2023-09-15T13:13:01 IST" name="createExtentTest" finished-at="2023-09-15T13:13:01 IST" duration-ms="1" status="PASS">
          <params>
            <param index="0">
              <value>
                <![CDATA[[TestResult name={null} status=CREATED method=Testclass3_Onboardingcompleted.VerifyLoginFnctionality()[pri:2, instance:com.logintest.Testclass3_Onboardingcompleted@231f98ef] output={null}]]]>
              </value>
            </param>
            <param index="1">
              <value>
                <![CDATA[public void com.logintest.Testclass3_Onboardingcompleted.VerifyLoginFnctionality() throws java.lang.InterruptedException,java.io.IOException]]>
              </value>
            </param>
          </params>
          <reporter-output>
          </reporter-output>
        </test-method> <!-- createExtentTest -->
        <test-method signature="VerifyLoginFnctionality()[pri:2, instance:com.logintest.Testclass3_Onboardingcompleted@231f98ef]" started-at="2023-09-15T13:13:01 IST" name="VerifyLoginFnctionality" finished-at="2023-09-15T13:13:07 IST" duration-ms="6147" status="PASS">
          <reporter-output>
          </reporter-output>
        </test-method> <!-- VerifyLoginFnctionality -->
        <test-method is-config="true" signature="captureScreenshot(org.testng.ITestResult,java.lang.reflect.Method)[pri:0, instance:com.logintest.Testclass3_Onboardingcompleted@231f98ef]" started-at="2023-09-15T13:13:07 IST" name="captureScreenshot" finished-at="2023-09-15T13:13:07 IST" duration-ms="4" status="PASS">
          <params>
            <param index="0">
              <value>
                <![CDATA[[TestResult name=VerifyLoginFnctionality status=SUCCESS method=Testclass3_Onboardingcompleted.VerifyLoginFnctionality()[pri:2, instance:com.logintest.Testclass3_Onboardingcompleted@231f98ef] output={null}]]]>
              </value>
            </param>
            <param index="1">
              <value>
                <![CDATA[public void com.logintest.Testclass3_Onboardingcompleted.VerifyLoginFnctionality() throws java.lang.InterruptedException,java.io.IOException]]>
              </value>
            </param>
          </params>
          <reporter-output>
          </reporter-output>
        </test-method> <!-- captureScreenshot -->
        <test-method is-config="true" signature="createExtentTest(org.testng.ITestResult,java.lang.reflect.Method)[pri:0, instance:com.logintest.Testclass3_Onboardingcompleted@231f98ef]" started-at="2023-09-15T13:13:07 IST" name="createExtentTest" finished-at="2023-09-15T13:13:07 IST" duration-ms="4" status="PASS">
          <params>
            <param index="0">
              <value>
                <![CDATA[[TestResult name={null} status=CREATED method=Testclass3_Onboardingcompleted.VerifyPortfolioProductTabDetails()[pri:3, instance:com.logintest.Testclass3_Onboardingcompleted@231f98ef] output={null}]]]>
              </value>
            </param>
            <param index="1">
              <value>
                <![CDATA[public void com.logintest.Testclass3_Onboardingcompleted.VerifyPortfolioProductTabDetails() throws java.lang.InterruptedException]]>
              </value>
            </param>
          </params>
          <reporter-output>
          </reporter-output>
        </test-method> <!-- createExtentTest -->
        <test-method signature="VerifyPortfolioProductTabDetails()[pri:3, instance:com.logintest.Testclass3_Onboardingcompleted@231f98ef]" started-at="2023-09-15T13:13:07 IST" name="VerifyPortfolioProductTabDetails" finished-at="2023-09-15T13:13:14 IST" duration-ms="7558" status="PASS">
          <reporter-output>
          </reporter-output>
        </test-method> <!-- VerifyPortfolioProductTabDetails -->
        <test-method is-config="true" signature="captureScreenshot(org.testng.ITestResult,java.lang.reflect.Method)[pri:0, instance:com.logintest.Testclass3_Onboardingcompleted@231f98ef]" started-at="2023-09-15T13:13:14 IST" name="captureScreenshot" finished-at="2023-09-15T13:13:14 IST" duration-ms="3" status="PASS">
          <params>
            <param index="0">
              <value>
                <![CDATA[[TestResult name=VerifyPortfolioProductTabDetails status=SUCCESS method=Testclass3_Onboardingcompleted.VerifyPortfolioProductTabDetails()[pri:3, instance:com.logintest.Testclass3_Onboardingcompleted@231f98ef] output={null}]]]>
              </value>
            </param>
            <param index="1">
              <value>
                <![CDATA[public void com.logintest.Testclass3_Onboardingcompleted.VerifyPortfolioProductTabDetails() throws java.lang.InterruptedException]]>
              </value>
            </param>
          </params>
          <reporter-output>
          </reporter-output>
        </test-method> <!-- captureScreenshot -->
        <test-method is-config="true" signature="createExtentTest(org.testng.ITestResult,java.lang.reflect.Method)[pri:0, instance:com.logintest.Testclass3_Onboardingcompleted@231f98ef]" started-at="2023-09-15T13:13:14 IST" name="createExtentTest" finished-at="2023-09-15T13:13:14 IST" duration-ms="4" status="PASS">
          <params>
            <param index="0">
              <value>
                <![CDATA[[TestResult name={null} status=CREATED method=Testclass3_Onboardingcompleted.VerifyProfileDetails()[pri:4, instance:com.logintest.Testclass3_Onboardingcompleted@231f98ef] output={null}]]]>
              </value>
            </param>
            <param index="1">
              <value>
                <![CDATA[public void com.logintest.Testclass3_Onboardingcompleted.VerifyProfileDetails() throws java.lang.InterruptedException,java.io.IOException]]>
              </value>
            </param>
          </params>
          <reporter-output>
          </reporter-output>
        </test-method> <!-- createExtentTest -->
        <test-method signature="VerifyProfileDetails()[pri:4, instance:com.logintest.Testclass3_Onboardingcompleted@231f98ef]" started-at="2023-09-15T13:13:14 IST" name="VerifyProfileDetails" finished-at="2023-09-15T13:13:28 IST" duration-ms="13347" status="PASS">
          <reporter-output>
          </reporter-output>
        </test-method> <!-- VerifyProfileDetails -->
        <test-method is-config="true" signature="captureScreenshot(org.testng.ITestResult,java.lang.reflect.Method)[pri:0, instance:com.logintest.Testclass3_Onboardingcompleted@231f98ef]" started-at="2023-09-15T13:13:28 IST" name="captureScreenshot" finished-at="2023-09-15T13:13:28 IST" duration-ms="1" status="PASS">
          <params>
            <param index="0">
              <value>
                <![CDATA[[TestResult name=VerifyProfileDetails status=SUCCESS method=Testclass3_Onboardingcompleted.VerifyProfileDetails()[pri:4, instance:com.logintest.Testclass3_Onboardingcompleted@231f98ef] output={null}]]]>
              </value>
            </param>
            <param index="1">
              <value>
                <![CDATA[public void com.logintest.Testclass3_Onboardingcompleted.VerifyProfileDetails() throws java.lang.InterruptedException,java.io.IOException]]>
              </value>
            </param>
          </params>
          <reporter-output>
          </reporter-output>
        </test-method> <!-- captureScreenshot -->
        <test-method is-config="true" signature="afterTest()[pri:0, instance:com.logintest.Testclass3_Onboardingcompleted@231f98ef]" started-at="2023-09-15T13:13:28 IST" name="afterTest" finished-at="2023-09-15T13:13:31 IST" duration-ms="3246" status="PASS">
          <reporter-output>
          </reporter-output>
        </test-method> <!-- afterTest -->
        <test-method is-config="true" signature="teardown()[pri:0, instance:com.logintest.Testclass3_Onboardingcompleted@231f98ef]" started-at="2023-09-15T13:13:31 IST" name="teardown" finished-at="2023-09-15T13:13:31 IST" duration-ms="1" status="PASS">
          <reporter-output>
          </reporter-output>
        </test-method> <!-- teardown -->
      </class> <!-- com.logintest.Testclass3_Onboardingcompleted -->
    </test> <!-- Test -->
  </suite> <!-- Suite -->
</testng-results>
