<?xml version="1.0" encoding="UTF-8"?>
<!-- Generated by org.testng.reporters.JUnitXMLReporter -->
<testsuite ignored="0" hostname="DESKTOP-3I5C8GM" failures="0" tests="4" name="Test" time="31.379" errors="0" timestamp="2023-09-15T13:13:31 IST">
  <testcase classname="com.logintest.Testclass3_Onboardingcompleted" name="ClickonLoginwithPassword" time="0.255"/>
  <testcase classname="com.logintest.Testclass3_Onboardingcompleted" name="VerifyLoginFnctionality" time="6.147"/>
  <testcase classname="com.logintest.Testclass3_Onboardingcompleted" name="VerifyPortfolioProductTabDetails" time="7.558"/>
  <testcase classname="com.logintest.Testclass3_Onboardingcompleted" name="VerifyProfileDetails" time="13.347"/>
</testsuite> <!-- Test -->
