<?xml version="1.0" encoding="UTF-8"?>
<!-- Generated by org.testng.reporters.JUnitXMLReporter -->
<testsuite ignored="0" hostname="DESKTOP-3I5C8GM" failures="1" tests="10" name="Test" time="25.901" errors="0" timestamp="2023-08-24T17:21:06 IST">
  <testcase classname="com.logintest.Testclass1" name="ClickonLoginwithPassword" time="0.153"/>
  <testcase classname="com.logintest.Testclass1" name="VerifyLoginFnctionality" time="5.981"/>
  <testcase classname="com.logintest.Testclass1" name="Clickonboarding" time="2.773"/>
  <testcase classname="com.logintest.Testclass1" name="UnlockPortfolioButton" time="0.65"/>
  <testcase classname="com.logintest.Testclass1" name="ClickOnPayNowButton" time="0.187"/>
  <testcase classname="com.logintest.Testclass1" name="ClickOnIAgreeButton" time="0.152"/>
  <testcase classname="com.logintest.Testclass1" name="selectpaymentmethod" time="0.104"/>
  <testcase classname="com.logintest.Testclass1" name="EnterUpiID" time="0.193"/>
  <testcase classname="com.logintest.Testclass1" name="CLickonVerifyButton" time="3.11"/>
  <testcase classname="com.logintest.Testclass1" name="ClickonPaynowButton" time="10.183">
    <failure type="org.openqa.selenium.ElementNotInteractableException" message="element not interactable
  (Session info: chrome=116.0.5845.98)
Build info: version: &amp;apos;4.9.1&amp;apos;, revision: &amp;apos;eb2032df7f&amp;apos;
System info: os.name: &amp;apos;Windows 10&amp;apos;, os.arch: &amp;apos;amd64&amp;apos;, os.version: &amp;apos;10.0&amp;apos;, java.version: &amp;apos;17.0.7&amp;apos;
Driver info: org.openqa.selenium.chrome.ChromeDriver
Command: [aa702b8a957413dc057e3eae2c05b80b, clickElement {id=62505F30805342B520830118E96C3E96_element_101}]
Capabilities {acceptInsecureCerts: false, browserName: chrome, browserVersion: 116.0.5845.98, chrome: {chromedriverVersion: 116.0.5845.96 (1a3918166880..., userDataDir: C:\Users\t\AppData\Local\Te...}, fedcm:accounts: true, goog:chromeOptions: {debuggerAddress: localhost:53224}, networkConnectionEnabled: false, pageLoadStrategy: normal, platformName: windows, proxy: Proxy(), se:cdp: ws://localhost:53224/devtoo..., se:cdpVersion: 116.0.5845.98, setWindowRect: true, strictFileInteractability: false, timeouts: {implicit: 0, pageLoad: 300000, script: 30000}, unhandledPromptBehavior: dismiss and notify, webauthn:extension:credBlob: true, webauthn:extension:largeBlob: true, webauthn:extension:minPinLength: true, webauthn:extension:prf: true, webauthn:virtualAuthenticators: true}
Element: [[ChromeDriver: chrome on windows (aa702b8a957413dc057e3eae2c05b80b)] -&amp;gt; xpath: (//button[text()=&amp;apos;Pay &amp;apos;])[2]]
Session ID: aa702b8a957413dc057e3eae2c05b80b">
      <![CDATA[org.openqa.selenium.ElementNotInteractableException: element not interactable
  (Session info: chrome=116.0.5845.98)
Build info: version: '4.9.1', revision: 'eb2032df7f'
System info: os.name: 'Windows 10', os.arch: 'amd64', os.version: '10.0', java.version: '17.0.7'
Driver info: org.openqa.selenium.chrome.ChromeDriver
Command: [aa702b8a957413dc057e3eae2c05b80b, clickElement {id=62505F30805342B520830118E96C3E96_element_101}]
Capabilities {acceptInsecureCerts: false, browserName: chrome, browserVersion: 116.0.5845.98, chrome: {chromedriverVersion: 116.0.5845.96 (1a3918166880..., userDataDir: C:\Users\t\AppData\Local\Te...}, fedcm:accounts: true, goog:chromeOptions: {debuggerAddress: localhost:53224}, networkConnectionEnabled: false, pageLoadStrategy: normal, platformName: windows, proxy: Proxy(), se:cdp: ws://localhost:53224/devtoo..., se:cdpVersion: 116.0.5845.98, setWindowRect: true, strictFileInteractability: false, timeouts: {implicit: 0, pageLoad: 300000, script: 30000}, unhandledPromptBehavior: dismiss and notify, webauthn:extension:credBlob: true, webauthn:extension:largeBlob: true, webauthn:extension:minPinLength: true, webauthn:extension:prf: true, webauthn:virtualAuthenticators: true}
Element: [[ChromeDriver: chrome on windows (aa702b8a957413dc057e3eae2c05b80b)] -> xpath: (//button[text()='Pay '])[2]]
Session ID: aa702b8a957413dc057e3eae2c05b80b
at org.openqa.selenium.remote.codec.w3c.W3CHttpResponseCodec.createException(W3CHttpResponseCodec.java:200)
at org.openqa.selenium.remote.codec.w3c.W3CHttpResponseCodec.decode(W3CHttpResponseCodec.java:133)
at org.openqa.selenium.remote.codec.w3c.W3CHttpResponseCodec.decode(W3CHttpResponseCodec.java:53)
at org.openqa.selenium.remote.HttpCommandExecutor.execute(HttpCommandExecutor.java:193)
at org.openqa.selenium.remote.service.DriverCommandExecutor.invokeExecute(DriverCommandExecutor.java:183)
at org.openqa.selenium.remote.service.DriverCommandExecutor.execute(DriverCommandExecutor.java:158)
at org.openqa.selenium.remote.RemoteWebDriver.execute(RemoteWebDriver.java:543)
at org.openqa.selenium.remote.RemoteWebElement.execute(RemoteWebElement.java:257)
at org.openqa.selenium.remote.RemoteWebElement.click(RemoteWebElement.java:78)
at org.openqa.selenium.support.pagefactory.internal.LocatingElementHandler.invoke(LocatingElementHandler.java:52)
at jdk.proxy2/jdk.proxy2.$Proxy22.click(Unknown Source)
at com.Jarvis.Portfolio.Payment.clickonpaynow(Payment.java:43)
at com.logintest.Testclass1.ClickonPaynowButton(Testclass1.java:142)
at java.base/java.util.ArrayList.forEach(ArrayList.java:1511)
... Removed 36 stack frames]]>
    </failure>
  </testcase> <!-- ClickonPaynowButton -->
</testsuite> <!-- Test -->
